{"/home/travis/build/npmtest/node-npmtest-instagram-node/test.js":{"path":"/home/travis/build/npmtest/node-npmtest-instagram-node/test.js","s":{"1":2,"2":2,"3":2,"4":2,"5":2,"6":2,"7":2,"8":1,"9":2,"10":2,"11":1,"12":1,"13":1,"14":1,"15":2,"16":2,"17":2,"18":2,"19":1,"20":1,"21":2,"22":2,"23":2,"24":1,"25":1,"26":1,"27":1,"28":1,"29":1,"30":1,"31":1,"32":1,"33":1,"34":1,"35":1,"36":1,"37":2,"38":2,"39":1,"40":2,"41":2,"42":1,"43":2,"44":2,"45":1,"46":2,"47":2,"48":1,"49":1,"50":1,"51":1,"52":1},"b":{"1":[2,1,1,1],"2":[1,1,1,1],"3":[1,1],"4":[1,1],"5":[1,1],"6":[1,1],"7":[1,1],"8":[1,1],"9":[1,1,1],"10":[1,1],"11":[1,1],"12":[1,1],"13":[1,1],"14":[1,1],"15":[1,1],"16":[1,1]},"f":{"1":2,"2":2,"3":2,"4":2,"5":2,"6":1,"7":1,"8":2,"9":2,"10":2,"11":2,"12":1},"fnMap":{"1":{"name":"(anonymous_1)","line":12,"loc":{"start":{"line":12,"column":1},"end":{"line":12,"column":13}}},"2":{"name":"(anonymous_2)","line":19,"loc":{"start":{"line":19,"column":5},"end":{"line":19,"column":17}}},"3":{"name":"(anonymous_3)","line":23,"loc":{"start":{"line":23,"column":24},"end":{"line":23,"column":36}}},"4":{"name":"(anonymous_4)","line":61,"loc":{"start":{"line":61,"column":5},"end":{"line":61,"column":17}}},"5":{"name":"(anonymous_5)","line":82,"loc":{"start":{"line":82,"column":5},"end":{"line":82,"column":17}}},"6":{"name":"(anonymous_6)","line":102,"loc":{"start":{"line":102,"column":83},"end":{"line":105,"column":10}},"skip":true},"7":{"name":"(anonymous_7)","line":113,"loc":{"start":{"line":113,"column":77},"end":{"line":116,"column":10}},"skip":true},"8":{"name":"(anonymous_8)","line":129,"loc":{"start":{"line":129,"column":12},"end":{"line":129,"column":40}},"skip":true},"9":{"name":"(anonymous_9)","line":137,"loc":{"start":{"line":137,"column":77},"end":{"line":140,"column":10}},"skip":true},"10":{"name":"(anonymous_10)","line":148,"loc":{"start":{"line":148,"column":83},"end":{"line":151,"column":10}},"skip":true},"11":{"name":"(anonymous_11)","line":159,"loc":{"start":{"line":159,"column":79},"end":{"line":162,"column":10}},"skip":true},"12":{"name":"(anonymous_12)","line":170,"loc":{"start":{"line":170,"column":75},"end":{"line":173,"column":10}},"skip":true}},"statementMap":{"1":{"start":{"line":12,"column":0},"end":{"line":185,"column":5}},"2":{"start":{"line":14,"column":4},"end":{"line":14,"column":14}},"3":{"start":{"line":19,"column":4},"end":{"line":56,"column":9}},"4":{"start":{"line":21,"column":8},"end":{"line":21,"column":19}},"5":{"start":{"line":23,"column":8},"end":{"line":35,"column":13}},"6":{"start":{"line":24,"column":12},"end":{"line":34,"column":13}},"7":{"start":{"line":25,"column":16},"end":{"line":28,"column":30}},"8":{"start":{"line":30,"column":16},"end":{"line":33,"column":27}},"9":{"start":{"line":37,"column":8},"end":{"line":39,"column":21}},"10":{"start":{"line":40,"column":8},"end":{"line":53,"column":9}},"11":{"start":{"line":43,"column":12},"end":{"line":46,"column":14}},"12":{"start":{"line":47,"column":12},"end":{"line":47,"column":18}},"13":{"start":{"line":50,"column":12},"end":{"line":51,"column":46}},"14":{"start":{"line":52,"column":12},"end":{"line":52,"column":18}},"15":{"start":{"line":55,"column":8},"end":{"line":55,"column":35}},"16":{"start":{"line":61,"column":4},"end":{"line":63,"column":9}},"17":{"start":{"line":62,"column":8},"end":{"line":62,"column":15}},"18":{"start":{"line":64,"column":4},"end":{"line":77,"column":5}},"19":{"start":{"line":70,"column":8},"end":{"line":70,"column":14}},"20":{"start":{"line":76,"column":8},"end":{"line":76,"column":14}},"21":{"start":{"line":82,"column":4},"end":{"line":84,"column":9}},"22":{"start":{"line":83,"column":8},"end":{"line":83,"column":15}},"23":{"start":{"line":85,"column":4},"end":{"line":184,"column":5}},"24":{"start":{"line":92,"column":8},"end":{"line":94,"column":63}},"25":{"start":{"line":95,"column":8},"end":{"line":95,"column":14}},"26":{"start":{"line":102,"column":8},"end":{"line":111,"column":10},"skip":true},"27":{"start":{"line":109,"column":12},"end":{"line":109,"column":55},"skip":true},"28":{"start":{"line":110,"column":12},"end":{"line":110,"column":48},"skip":true},"29":{"start":{"line":113,"column":8},"end":{"line":126,"column":10},"skip":true},"30":{"start":{"line":120,"column":12},"end":{"line":120,"column":76},"skip":true},"31":{"start":{"line":121,"column":12},"end":{"line":121,"column":73},"skip":true},"32":{"start":{"line":122,"column":12},"end":{"line":122,"column":74},"skip":true},"33":{"start":{"line":123,"column":12},"end":{"line":123,"column":79},"skip":true},"34":{"start":{"line":124,"column":12},"end":{"line":124,"column":25},"skip":true},"35":{"start":{"line":125,"column":12},"end":{"line":125,"column":45},"skip":true},"36":{"start":{"line":128,"column":8},"end":{"line":135,"column":14},"skip":true},"37":{"start":{"line":133,"column":16},"end":{"line":133,"column":29},"skip":true},"38":{"start":{"line":134,"column":16},"end":{"line":134,"column":55},"skip":true},"39":{"start":{"line":137,"column":8},"end":{"line":146,"column":10},"skip":true},"40":{"start":{"line":144,"column":12},"end":{"line":144,"column":25},"skip":true},"41":{"start":{"line":145,"column":12},"end":{"line":145,"column":45},"skip":true},"42":{"start":{"line":148,"column":8},"end":{"line":157,"column":10},"skip":true},"43":{"start":{"line":155,"column":12},"end":{"line":155,"column":25},"skip":true},"44":{"start":{"line":156,"column":12},"end":{"line":156,"column":48},"skip":true},"45":{"start":{"line":159,"column":8},"end":{"line":168,"column":10},"skip":true},"46":{"start":{"line":166,"column":12},"end":{"line":166,"column":25},"skip":true},"47":{"start":{"line":167,"column":12},"end":{"line":167,"column":46},"skip":true},"48":{"start":{"line":170,"column":8},"end":{"line":179,"column":10},"skip":true},"49":{"start":{"line":177,"column":12},"end":{"line":177,"column":94},"skip":true},"50":{"start":{"line":178,"column":12},"end":{"line":178,"column":48},"skip":true},"51":{"start":{"line":182,"column":8},"end":{"line":182,"column":35},"skip":true},"52":{"start":{"line":183,"column":8},"end":{"line":183,"column":14},"skip":true}},"branchMap":{"1":{"line":25,"type":"binary-expr","locations":[{"start":{"line":25,"column":23},"end":{"line":25,"column":62}},{"start":{"line":26,"column":20},"end":{"line":26,"column":70}},{"start":{"line":27,"column":20},"end":{"line":27,"column":71}},{"start":{"line":28,"column":20},"end":{"line":28,"column":29}}]},"2":{"line":30,"type":"binary-expr","locations":[{"start":{"line":30,"column":23},"end":{"line":30,"column":37}},{"start":{"line":31,"column":20},"end":{"line":31,"column":61}},{"start":{"line":32,"column":20},"end":{"line":32,"column":70}},{"start":{"line":33,"column":20},"end":{"line":33,"column":26}}]},"3":{"line":37,"type":"cond-expr","locations":[{"start":{"line":38,"column":14},"end":{"line":38,"column":20}},{"start":{"line":39,"column":14},"end":{"line":39,"column":20}}]},"4":{"line":40,"type":"switch","locations":[{"start":{"line":42,"column":8},"end":{"line":47,"column":18}},{"start":{"line":49,"column":8},"end":{"line":52,"column":18}}]},"5":{"line":44,"type":"binary-expr","locations":[{"start":{"line":44,"column":16},"end":{"line":44,"column":44}},{"start":{"line":44,"column":48},"end":{"line":44,"column":66}}]},"6":{"line":50,"type":"binary-expr","locations":[{"start":{"line":50,"column":21},"end":{"line":50,"column":49}},{"start":{"line":50,"column":53},"end":{"line":50,"column":72}}]},"7":{"line":64,"type":"switch","locations":[{"start":{"line":69,"column":4},"end":{"line":70,"column":14}},{"start":{"line":75,"column":4},"end":{"line":76,"column":14}}]},"8":{"line":85,"type":"switch","locations":[{"start":{"line":90,"column":4},"end":{"line":95,"column":14}},{"start":{"line":101,"column":4},"end":{"line":183,"column":14},"skip":true}]},"9":{"line":92,"type":"binary-expr","locations":[{"start":{"line":92,"column":18},"end":{"line":92,"column":32}},{"start":{"line":93,"column":12},"end":{"line":93,"column":53}},{"start":{"line":94,"column":12},"end":{"line":94,"column":61}}]},"10":{"line":102,"type":"binary-expr","locations":[{"start":{"line":102,"column":45},"end":{"line":102,"column":79},"skip":true},{"start":{"line":102,"column":83},"end":{"line":111,"column":9},"skip":true}]},"11":{"line":113,"type":"binary-expr","locations":[{"start":{"line":113,"column":42},"end":{"line":113,"column":73},"skip":true},{"start":{"line":113,"column":77},"end":{"line":126,"column":9},"skip":true}]},"12":{"line":128,"type":"binary-expr","locations":[{"start":{"line":128,"column":48},"end":{"line":128,"column":85},"skip":true},{"start":{"line":129,"column":12},"end":{"line":135,"column":13},"skip":true}]},"13":{"line":137,"type":"binary-expr","locations":[{"start":{"line":137,"column":42},"end":{"line":137,"column":73},"skip":true},{"start":{"line":137,"column":77},"end":{"line":146,"column":9},"skip":true}]},"14":{"line":148,"type":"binary-expr","locations":[{"start":{"line":148,"column":45},"end":{"line":148,"column":79},"skip":true},{"start":{"line":148,"column":83},"end":{"line":157,"column":9},"skip":true}]},"15":{"line":159,"type":"binary-expr","locations":[{"start":{"line":159,"column":43},"end":{"line":159,"column":75},"skip":true},{"start":{"line":159,"column":79},"end":{"line":168,"column":9},"skip":true}]},"16":{"line":170,"type":"binary-expr","locations":[{"start":{"line":170,"column":41},"end":{"line":170,"column":71},"skip":true},{"start":{"line":170,"column":75},"end":{"line":179,"column":9},"skip":true}]}},"code":["/* istanbul instrument in package npmtest_instagram_node */","/*jslint","    bitwise: true,","    browser: true,","    maxerr: 8,","    maxlen: 96,","    node: true,","    nomen: true,","    regexp: true,","    stupid: true","*/","(function () {","    'use strict';","    var local;","","","","    // run shared js-env code - pre-init","    (function () {","        // init local","        local = {};","        // init modeJs","        local.modeJs = (function () {","            try {","                return typeof navigator.userAgent === 'string' &&","                    typeof document.querySelector('body') === 'object' &&","                    typeof XMLHttpRequest.prototype.open === 'function' &&","                    'browser';","            } catch (errorCaughtBrowser) {","                return module.exports &&","                    typeof process.versions.node === 'string' &&","                    typeof require('http').createServer === 'function' &&","                    'node';","            }","        }());","        // init global","        local.global = local.modeJs === 'browser'","            ? window","            : global;","        switch (local.modeJs) {","        // re-init local from window.local","        case 'browser':","            local = local.global.utility2.objectSetDefault(","                local.global.utility2_rollup || local.global.local,","                local.global.utility2","            );","            break;","        // re-init local from example.js","        case 'node':","            local = (local.global.utility2_rollup || require('utility2'))","                .requireExampleJsFromReadme();","            break;","        }","        // export local","        local.global.local = local;","    }());","","","","    // run shared js-env code - function","    (function () {","        return;","    }());","    switch (local.modeJs) {","","","","    // run browser js-env code - function","    case 'browser':","        break;","","","","    // run node js-env code - function","    case 'node':","        break;","    }","","","","    // run shared js-env code - post-init","    (function () {","        return;","    }());","    switch (local.modeJs) {","","","","    // run browser js-env code - post-init","    case 'browser':","        // run tests","        local.nop(local.modeTest &&","            document.querySelector('#testRunButton1') &&","            document.querySelector('#testRunButton1').click());","        break;","","","","    // run node js-env code - post-init","    /* istanbul ignore next */","    case 'node':","        local.testCase_buildApidoc_default = local.testCase_buildApidoc_default || function (","            options,","            onError","        ) {","        /*","         * this function will test buildApidoc's default handling-behavior-behavior","         */","            options = { modulePathList: module.paths };","            local.buildApidoc(options, onError);","        };","","        local.testCase_buildApp_default = local.testCase_buildApp_default || function (","            options,","            onError","        ) {","        /*","         * this function will test buildApp's default handling-behavior-behavior","         */","            local.testCase_buildReadme_default(options, local.onErrorThrow);","            local.testCase_buildLib_default(options, local.onErrorThrow);","            local.testCase_buildTest_default(options, local.onErrorThrow);","            local.testCase_buildCustomOrg_default(options, local.onErrorThrow);","            options = [];","            local.buildApp(options, onError);","        };","","        local.testCase_buildCustomOrg_default = local.testCase_buildCustomOrg_default ||","            function (options, onError) {","            /*","             * this function will test buildCustomOrg's default handling-behavior","             */","                options = {};","                local.buildCustomOrg(options, onError);","            };","","        local.testCase_buildLib_default = local.testCase_buildLib_default || function (","            options,","            onError","        ) {","        /*","         * this function will test buildLib's default handling-behavior","         */","            options = {};","            local.buildLib(options, onError);","        };","","        local.testCase_buildReadme_default = local.testCase_buildReadme_default || function (","            options,","            onError","        ) {","        /*","         * this function will test buildReadme's default handling-behavior-behavior","         */","            options = {};","            local.buildReadme(options, onError);","        };","","        local.testCase_buildTest_default = local.testCase_buildTest_default || function (","            options,","            onError","        ) {","        /*","         * this function will test buildTest's default handling-behavior","         */","            options = {};","            local.buildTest(options, onError);","        };","","        local.testCase_webpage_default = local.testCase_webpage_default || function (","            options,","            onError","        ) {","        /*","         * this function will test webpage's default handling-behavior","         */","            options = { modeCoverageMerge: true, url: local.serverLocalHost + '?modeTest=1' };","            local.browserTest(options, onError);","        };","","        // run test-server","        local.testRunServer(local);","        break;","    }","}());",""],"l":{"12":2,"14":2,"19":2,"21":2,"23":2,"24":2,"25":2,"30":1,"37":2,"40":2,"43":1,"47":1,"50":1,"52":1,"55":2,"61":2,"62":2,"64":2,"70":1,"76":1,"82":2,"83":2,"85":2,"92":1,"95":1,"102":1,"109":1,"110":1,"113":1,"120":1,"121":1,"122":1,"123":1,"124":1,"125":1,"128":1,"133":2,"134":2,"137":1,"144":2,"145":2,"148":1,"155":2,"156":2,"159":1,"166":2,"167":2,"170":1,"177":1,"178":1,"182":1,"183":1}},"/home/travis/build/npmtest/node-npmtest-instagram-node/lib.npmtest_instagram_node.js":{"path":"/home/travis/build/npmtest/node-npmtest-instagram-node/lib.npmtest_instagram_node.js","s":{"1":2,"2":2,"3":2,"4":2,"5":2,"6":2,"7":2,"8":1,"9":2,"10":2,"11":2,"12":2,"13":1,"14":1,"15":1,"16":1},"b":{"1":[2,1,1,1],"2":[1,1,1,1],"3":[1,1],"4":[2,2],"5":[1,1]},"f":{"1":2,"2":2,"3":2},"fnMap":{"1":{"name":"(anonymous_1)","line":12,"loc":{"start":{"line":12,"column":1},"end":{"line":12,"column":13}}},"2":{"name":"(anonymous_2)","line":19,"loc":{"start":{"line":19,"column":5},"end":{"line":19,"column":17}}},"3":{"name":"(anonymous_3)","line":23,"loc":{"start":{"line":23,"column":24},"end":{"line":23,"column":36}}}},"statementMap":{"1":{"start":{"line":12,"column":0},"end":{"line":53,"column":5}},"2":{"start":{"line":14,"column":4},"end":{"line":14,"column":14}},"3":{"start":{"line":19,"column":4},"end":{"line":52,"column":9}},"4":{"start":{"line":21,"column":8},"end":{"line":21,"column":19}},"5":{"start":{"line":23,"column":8},"end":{"line":35,"column":13}},"6":{"start":{"line":24,"column":12},"end":{"line":34,"column":13}},"7":{"start":{"line":25,"column":16},"end":{"line":28,"column":30}},"8":{"start":{"line":30,"column":16},"end":{"line":33,"column":27}},"9":{"start":{"line":37,"column":8},"end":{"line":39,"column":21}},"10":{"start":{"line":41,"column":8},"end":{"line":41,"column":54}},"11":{"start":{"line":43,"column":8},"end":{"line":43,"column":59}},"12":{"start":{"line":45,"column":8},"end":{"line":51,"column":9}},"13":{"start":{"line":46,"column":12},"end":{"line":46,"column":65}},"14":{"start":{"line":48,"column":12},"end":{"line":48,"column":35}},"15":{"start":{"line":49,"column":12},"end":{"line":49,"column":49}},"16":{"start":{"line":50,"column":12},"end":{"line":50,"column":43}}},"branchMap":{"1":{"line":25,"type":"binary-expr","locations":[{"start":{"line":25,"column":23},"end":{"line":25,"column":62}},{"start":{"line":26,"column":20},"end":{"line":26,"column":70}},{"start":{"line":27,"column":20},"end":{"line":27,"column":71}},{"start":{"line":28,"column":20},"end":{"line":28,"column":29}}]},"2":{"line":30,"type":"binary-expr","locations":[{"start":{"line":30,"column":23},"end":{"line":30,"column":37}},{"start":{"line":31,"column":20},"end":{"line":31,"column":61}},{"start":{"line":32,"column":20},"end":{"line":32,"column":70}},{"start":{"line":33,"column":20},"end":{"line":33,"column":26}}]},"3":{"line":37,"type":"cond-expr","locations":[{"start":{"line":38,"column":14},"end":{"line":38,"column":20}},{"start":{"line":39,"column":14},"end":{"line":39,"column":20}}]},"4":{"line":41,"type":"binary-expr","locations":[{"start":{"line":41,"column":16},"end":{"line":41,"column":44}},{"start":{"line":41,"column":48},"end":{"line":41,"column":53}}]},"5":{"line":45,"type":"if","locations":[{"start":{"line":45,"column":8},"end":{"line":45,"column":8}},{"start":{"line":45,"column":8},"end":{"line":45,"column":8}}]}},"code":["/* istanbul instrument in package npmtest_instagram_node */","/*jslint","    bitwise: true,","    browser: true,","    maxerr: 8,","    maxlen: 96,","    node: true,","    nomen: true,","    regexp: true,","    stupid: true","*/","(function () {","    'use strict';","    var local;","","","","    // run shared js-env code - pre-init","    (function () {","        // init local","        local = {};","        // init modeJs","        local.modeJs = (function () {","            try {","                return typeof navigator.userAgent === 'string' &&","                    typeof document.querySelector('body') === 'object' &&","                    typeof XMLHttpRequest.prototype.open === 'function' &&","                    'browser';","            } catch (errorCaughtBrowser) {","                return module.exports &&","                    typeof process.versions.node === 'string' &&","                    typeof require('http').createServer === 'function' &&","                    'node';","            }","        }());","        // init global","        local.global = local.modeJs === 'browser'","            ? window","            : global;","        // init utility2_rollup","        local = local.global.utility2_rollup || local;","        // init lib","        local.local = local.npmtest_instagram_node = local;","        // init exports","        if (local.modeJs === 'browser') {","            local.global.utility2_npmtest_instagram_node = local;","        } else {","            module.exports = local;","            module.exports.__dirname = __dirname;","            module.exports.module = module;","        }","    }());","}());",""],"l":{"12":2,"14":2,"19":2,"21":2,"23":2,"24":2,"25":2,"30":1,"37":2,"41":2,"43":2,"45":2,"46":1,"48":1,"49":1,"50":1}},"/home/travis/build/npmtest/node-npmtest-instagram-node/example.js":{"path":"/home/travis/build/npmtest/node-npmtest-instagram-node/example.js","s":{"1":2,"2":2,"3":2,"4":2,"5":2,"6":2,"7":2,"8":1,"9":2,"10":2,"11":2,"12":2,"13":1,"14":2,"15":2,"16":2,"17":2,"18":2,"19":0,"20":2,"21":1,"22":1,"23":1,"24":1,"25":1,"26":0,"27":0,"28":1,"29":1,"30":2,"31":0,"32":0,"33":0,"34":1,"35":2,"36":2,"37":2,"38":2,"39":2,"40":2,"41":0,"42":2,"43":2,"44":2,"45":1,"46":3,"47":1,"48":1,"49":1,"50":1,"51":1,"52":1,"53":1,"54":1,"55":1,"56":1,"57":0,"58":1,"59":6,"60":6,"61":1,"62":2,"63":0,"64":2,"65":1,"66":1,"67":0,"68":0,"69":0,"70":0,"71":0,"72":0,"73":0,"74":0,"75":0,"76":0,"77":0,"78":0,"79":0,"80":0,"81":0,"82":0,"83":0},"b":{"1":[2,1,1,1],"2":[1,1,1,1],"3":[1,1],"4":[2,2],"5":[1,1],"6":[1,1],"7":[2,0],"8":[2,1,1,1,1,1],"9":[0,2,0],"10":[1,1],"11":[2,1,1],"12":[1,0],"13":[0,2],"14":[2,0,0,0,0,0,0],"15":[0,2],"16":[2,0],"17":[1,1],"18":[0,1],"19":[1,2,0,2],"20":[1,0],"21":[1,1],"22":[0,0],"23":[0,0],"24":[0,0],"25":[0,0],"26":[0,0],"27":[0,0],"28":[0,0]},"f":{"1":2,"2":2,"3":2,"4":2,"5":2,"6":2,"7":2,"8":2,"9":3,"10":1,"11":6,"12":0},"fnMap":{"1":{"name":"(anonymous_1)","line":26,"loc":{"start":{"line":26,"column":1},"end":{"line":26,"column":13}}},"2":{"name":"(anonymous_2)","line":33,"loc":{"start":{"line":33,"column":5},"end":{"line":33,"column":17}}},"3":{"name":"(anonymous_3)","line":37,"loc":{"start":{"line":37,"column":24},"end":{"line":37,"column":36}}},"4":{"name":"(anonymous_4)","line":69,"loc":{"start":{"line":69,"column":31},"end":{"line":69,"column":48}},"skip":true},"5":{"name":"(anonymous_5)","line":78,"loc":{"start":{"line":78,"column":26},"end":{"line":78,"column":45}},"skip":true},"6":{"name":"(anonymous_6)","line":123,"loc":{"start":{"line":123,"column":33},"end":{"line":123,"column":48}},"skip":true},"7":{"name":"(anonymous_7)","line":125,"loc":{"start":{"line":125,"column":27},"end":{"line":125,"column":39}},"skip":true},"8":{"name":"(anonymous_8)","line":133,"loc":{"start":{"line":133,"column":59},"end":{"line":133,"column":74}},"skip":true},"9":{"name":"(anonymous_9)","line":143,"loc":{"start":{"line":143,"column":45},"end":{"line":143,"column":62}},"skip":true},"10":{"name":"(anonymous_10)","line":144,"loc":{"start":{"line":144,"column":73},"end":{"line":144,"column":92}},"skip":true},"11":{"name":"(anonymous_11)","line":272,"loc":{"start":{"line":272,"column":51},"end":{"line":272,"column":77}},"skip":true},"12":{"name":"(anonymous_12)","line":314,"loc":{"start":{"line":314,"column":32},"end":{"line":314,"column":61}},"skip":true}},"statementMap":{"1":{"start":{"line":26,"column":0},"end":{"line":325,"column":5}},"2":{"start":{"line":28,"column":4},"end":{"line":28,"column":14}},"3":{"start":{"line":33,"column":4},"end":{"line":60,"column":9}},"4":{"start":{"line":35,"column":8},"end":{"line":35,"column":19}},"5":{"start":{"line":37,"column":8},"end":{"line":49,"column":13}},"6":{"start":{"line":38,"column":12},"end":{"line":48,"column":13}},"7":{"start":{"line":39,"column":16},"end":{"line":42,"column":30}},"8":{"start":{"line":44,"column":16},"end":{"line":47,"column":27}},"9":{"start":{"line":51,"column":8},"end":{"line":53,"column":21}},"10":{"start":{"line":55,"column":8},"end":{"line":57,"column":45}},"11":{"start":{"line":59,"column":8},"end":{"line":59,"column":35}},"12":{"start":{"line":61,"column":4},"end":{"line":324,"column":5}},"13":{"start":{"line":69,"column":8},"end":{"line":121,"column":10},"skip":true},"14":{"start":{"line":70,"column":12},"end":{"line":88,"column":13},"skip":true},"15":{"start":{"line":76,"column":16},"end":{"line":87,"column":19},"skip":true},"16":{"start":{"line":79,"column":20},"end":{"line":86,"column":21},"skip":true},"17":{"start":{"line":82,"column":24},"end":{"line":82,"column":43},"skip":true},"18":{"start":{"line":83,"column":24},"end":{"line":83,"column":30},"skip":true},"19":{"start":{"line":85,"column":24},"end":{"line":85,"column":49},"skip":true},"20":{"start":{"line":89,"column":12},"end":{"line":107,"column":13},"skip":true},"21":{"start":{"line":92,"column":16},"end":{"line":102,"column":17},"skip":true},"22":{"start":{"line":93,"column":20},"end":{"line":93,"column":86},"skip":true},"23":{"start":{"line":94,"column":20},"end":{"line":95,"column":45},"skip":true},"24":{"start":{"line":96,"column":20},"end":{"line":96,"column":42},"skip":true},"25":{"start":{"line":97,"column":20},"end":{"line":97,"column":48},"skip":true},"26":{"start":{"line":100,"column":20},"end":{"line":100,"column":85},"skip":true},"27":{"start":{"line":101,"column":20},"end":{"line":101,"column":96},"skip":true},"28":{"start":{"line":103,"column":16},"end":{"line":103,"column":22},"skip":true},"29":{"start":{"line":106,"column":16},"end":{"line":106,"column":22},"skip":true},"30":{"start":{"line":108,"column":12},"end":{"line":120,"column":13},"skip":true},"31":{"start":{"line":114,"column":16},"end":{"line":119,"column":17},"skip":true},"32":{"start":{"line":116,"column":20},"end":{"line":116,"column":78},"skip":true},"33":{"start":{"line":118,"column":20},"end":{"line":118,"column":47},"skip":true},"34":{"start":{"line":123,"column":8},"end":{"line":141,"column":11},"skip":true},"35":{"start":{"line":124,"column":12},"end":{"line":124,"column":54},"skip":true},"36":{"start":{"line":125,"column":12},"end":{"line":140,"column":14},"skip":true},"37":{"start":{"line":126,"column":16},"end":{"line":126,"column":28},"skip":true},"38":{"start":{"line":127,"column":16},"end":{"line":127,"column":69},"skip":true},"39":{"start":{"line":128,"column":16},"end":{"line":128,"column":75},"skip":true},"40":{"start":{"line":129,"column":16},"end":{"line":131,"column":17},"skip":true},"41":{"start":{"line":130,"column":20},"end":{"line":130,"column":27},"skip":true},"42":{"start":{"line":133,"column":16},"end":{"line":137,"column":36},"skip":true},"43":{"start":{"line":134,"column":20},"end":{"line":136,"column":55},"skip":true},"44":{"start":{"line":139,"column":16},"end":{"line":139,"column":57},"skip":true},"45":{"start":{"line":143,"column":8},"end":{"line":147,"column":11},"skip":true},"46":{"start":{"line":144,"column":12},"end":{"line":146,"column":15},"skip":true},"47":{"start":{"line":145,"column":16},"end":{"line":145,"column":70},"skip":true},"48":{"start":{"line":149,"column":8},"end":{"line":149,"column":31},"skip":true},"49":{"start":{"line":150,"column":8},"end":{"line":150,"column":14},"skip":true},"50":{"start":{"line":158,"column":8},"end":{"line":158,"column":31},"skip":true},"51":{"start":{"line":160,"column":8},"end":{"line":160,"column":33},"skip":true},"52":{"start":{"line":161,"column":8},"end":{"line":161,"column":37},"skip":true},"53":{"start":{"line":162,"column":8},"end":{"line":162,"column":35},"skip":true},"54":{"start":{"line":164,"column":8},"end":{"line":164,"column":50},"skip":true},"55":{"start":{"line":166,"column":8},"end":{"line":256,"column":2},"skip":true},"56":{"start":{"line":258,"column":8},"end":{"line":286,"column":9},"skip":true},"57":{"start":{"line":259,"column":12},"end":{"line":269,"column":14},"skip":true},"58":{"start":{"line":271,"column":12},"end":{"line":285,"column":19},"skip":true},"59":{"start":{"line":274,"column":20},"end":{"line":274,"column":35},"skip":true},"60":{"start":{"line":275,"column":20},"end":{"line":284,"column":21},"skip":true},"61":{"start":{"line":277,"column":24},"end":{"line":277,"column":64},"skip":true},"62":{"start":{"line":279,"column":24},"end":{"line":279,"column":40},"skip":true},"63":{"start":{"line":281,"column":24},"end":{"line":281,"column":40},"skip":true},"64":{"start":{"line":283,"column":24},"end":{"line":283,"column":39},"skip":true},"65":{"start":{"line":288,"column":8},"end":{"line":290,"column":9},"skip":true},"66":{"start":{"line":289,"column":12},"end":{"line":289,"column":18},"skip":true},"67":{"start":{"line":291,"column":8},"end":{"line":293,"column":54},"skip":true},"68":{"start":{"line":294,"column":8},"end":{"line":301,"column":37},"skip":true},"69":{"start":{"line":302,"column":8},"end":{"line":302,"column":82},"skip":true},"70":{"start":{"line":305,"column":8},"end":{"line":307,"column":9},"skip":true},"71":{"start":{"line":306,"column":12},"end":{"line":306,"column":82},"skip":true},"72":{"start":{"line":309,"column":8},"end":{"line":311,"column":9},"skip":true},"73":{"start":{"line":310,"column":12},"end":{"line":310,"column":18},"skip":true},"74":{"start":{"line":312,"column":8},"end":{"line":312,"column":54},"skip":true},"75":{"start":{"line":313,"column":8},"end":{"line":313,"column":69},"skip":true},"76":{"start":{"line":314,"column":8},"end":{"line":322,"column":36},"skip":true},"77":{"start":{"line":315,"column":12},"end":{"line":315,"column":61},"skip":true},"78":{"start":{"line":316,"column":12},"end":{"line":319,"column":13},"skip":true},"79":{"start":{"line":317,"column":16},"end":{"line":317,"column":75},"skip":true},"80":{"start":{"line":318,"column":16},"end":{"line":318,"column":23},"skip":true},"81":{"start":{"line":320,"column":12},"end":{"line":320,"column":38},"skip":true},"82":{"start":{"line":321,"column":12},"end":{"line":321,"column":27},"skip":true},"83":{"start":{"line":323,"column":8},"end":{"line":323,"column":14},"skip":true}},"branchMap":{"1":{"line":39,"type":"binary-expr","locations":[{"start":{"line":39,"column":23},"end":{"line":39,"column":62}},{"start":{"line":40,"column":20},"end":{"line":40,"column":70}},{"start":{"line":41,"column":20},"end":{"line":41,"column":71}},{"start":{"line":42,"column":20},"end":{"line":42,"column":29}}]},"2":{"line":44,"type":"binary-expr","locations":[{"start":{"line":44,"column":23},"end":{"line":44,"column":37}},{"start":{"line":45,"column":20},"end":{"line":45,"column":61}},{"start":{"line":46,"column":20},"end":{"line":46,"column":70}},{"start":{"line":47,"column":20},"end":{"line":47,"column":26}}]},"3":{"line":51,"type":"cond-expr","locations":[{"start":{"line":52,"column":14},"end":{"line":52,"column":20}},{"start":{"line":53,"column":14},"end":{"line":53,"column":20}}]},"4":{"line":55,"type":"binary-expr","locations":[{"start":{"line":55,"column":16},"end":{"line":55,"column":44}},{"start":{"line":55,"column":49},"end":{"line":57,"column":43}}]},"5":{"line":55,"type":"cond-expr","locations":[{"start":{"line":56,"column":14},"end":{"line":56,"column":58}},{"start":{"line":57,"column":14},"end":{"line":57,"column":43}}]},"6":{"line":61,"type":"switch","locations":[{"start":{"line":68,"column":4},"end":{"line":150,"column":14},"skip":true},{"start":{"line":156,"column":4},"end":{"line":323,"column":14},"skip":true}]},"7":{"line":70,"type":"if","locations":[{"start":{"line":70,"column":12},"end":{"line":70,"column":12},"skip":true},{"start":{"line":70,"column":12},"end":{"line":70,"column":12},"skip":true}]},"8":{"line":70,"type":"binary-expr","locations":[{"start":{"line":70,"column":16},"end":{"line":70,"column":22},"skip":true},{"start":{"line":70,"column":27},"end":{"line":70,"column":32},"skip":true},{"start":{"line":71,"column":20},"end":{"line":71,"column":39},"skip":true},{"start":{"line":72,"column":20},"end":{"line":72,"column":49},"skip":true},{"start":{"line":73,"column":20},"end":{"line":73,"column":58},"skip":true},{"start":{"line":74,"column":20},"end":{"line":74,"column":69},"skip":true}]},"9":{"line":79,"type":"switch","locations":[{"start":{"line":80,"column":20},"end":{"line":80,"column":33},"skip":true},{"start":{"line":81,"column":20},"end":{"line":83,"column":30},"skip":true},{"start":{"line":84,"column":20},"end":{"line":85,"column":49},"skip":true}]},"10":{"line":89,"type":"switch","locations":[{"start":{"line":90,"column":12},"end":{"line":103,"column":22},"skip":true},{"start":{"line":105,"column":12},"end":{"line":106,"column":22},"skip":true}]},"11":{"line":89,"type":"binary-expr","locations":[{"start":{"line":89,"column":20},"end":{"line":89,"column":25},"skip":true},{"start":{"line":89,"column":29},"end":{"line":89,"column":48},"skip":true},{"start":{"line":89,"column":52},"end":{"line":89,"column":74},"skip":true}]},"12":{"line":92,"type":"if","locations":[{"start":{"line":92,"column":16},"end":{"line":92,"column":16},"skip":true},{"start":{"line":92,"column":16},"end":{"line":92,"column":16},"skip":true}]},"13":{"line":108,"type":"if","locations":[{"start":{"line":108,"column":12},"end":{"line":108,"column":12},"skip":true},{"start":{"line":108,"column":12},"end":{"line":108,"column":12},"skip":true}]},"14":{"line":108,"type":"binary-expr","locations":[{"start":{"line":108,"column":16},"end":{"line":108,"column":61},"skip":true},{"start":{"line":108,"column":66},"end":{"line":108,"column":72},"skip":true},{"start":{"line":108,"column":77},"end":{"line":108,"column":82},"skip":true},{"start":{"line":109,"column":20},"end":{"line":109,"column":39},"skip":true},{"start":{"line":110,"column":20},"end":{"line":110,"column":49},"skip":true},{"start":{"line":111,"column":20},"end":{"line":111,"column":58},"skip":true},{"start":{"line":112,"column":20},"end":{"line":112,"column":68},"skip":true}]},"15":{"line":129,"type":"if","locations":[{"start":{"line":129,"column":16},"end":{"line":129,"column":16},"skip":true},{"start":{"line":129,"column":16},"end":{"line":129,"column":16},"skip":true}]},"16":{"line":134,"type":"cond-expr","locations":[{"start":{"line":135,"column":26},"end":{"line":135,"column":29},"skip":true},{"start":{"line":136,"column":26},"end":{"line":136,"column":54},"skip":true}]},"17":{"line":164,"type":"binary-expr","locations":[{"start":{"line":164,"column":27},"end":{"line":164,"column":43},"skip":true},{"start":{"line":164,"column":47},"end":{"line":164,"column":49},"skip":true}]},"18":{"line":258,"type":"if","locations":[{"start":{"line":258,"column":8},"end":{"line":258,"column":8},"skip":true},{"start":{"line":258,"column":8},"end":{"line":258,"column":8},"skip":true}]},"19":{"line":275,"type":"switch","locations":[{"start":{"line":276,"column":20},"end":{"line":277,"column":64},"skip":true},{"start":{"line":278,"column":20},"end":{"line":279,"column":40},"skip":true},{"start":{"line":280,"column":20},"end":{"line":281,"column":40},"skip":true},{"start":{"line":282,"column":20},"end":{"line":283,"column":39},"skip":true}]},"20":{"line":288,"type":"if","locations":[{"start":{"line":288,"column":8},"end":{"line":288,"column":8},"skip":true},{"start":{"line":288,"column":8},"end":{"line":288,"column":8},"skip":true}]},"21":{"line":288,"type":"binary-expr","locations":[{"start":{"line":288,"column":12},"end":{"line":288,"column":40},"skip":true},{"start":{"line":288,"column":44},"end":{"line":288,"column":67},"skip":true}]},"22":{"line":292,"type":"binary-expr","locations":[{"start":{"line":292,"column":12},"end":{"line":292,"column":50},"skip":true},{"start":{"line":293,"column":12},"end":{"line":293,"column":53},"skip":true}]},"23":{"line":295,"type":"binary-expr","locations":[{"start":{"line":295,"column":12},"end":{"line":295,"column":72},"skip":true},{"start":{"line":296,"column":12},"end":{"line":301,"column":36},"skip":true}]},"24":{"line":302,"type":"binary-expr","locations":[{"start":{"line":302,"column":43},"end":{"line":302,"column":75},"skip":true},{"start":{"line":302,"column":79},"end":{"line":302,"column":81},"skip":true}]},"25":{"line":305,"type":"if","locations":[{"start":{"line":305,"column":8},"end":{"line":305,"column":8},"skip":true},{"start":{"line":305,"column":8},"end":{"line":305,"column":8},"skip":true}]},"26":{"line":309,"type":"if","locations":[{"start":{"line":309,"column":8},"end":{"line":309,"column":8},"skip":true},{"start":{"line":309,"column":8},"end":{"line":309,"column":8},"skip":true}]},"27":{"line":312,"type":"binary-expr","locations":[{"start":{"line":312,"column":27},"end":{"line":312,"column":43},"skip":true},{"start":{"line":312,"column":47},"end":{"line":312,"column":53},"skip":true}]},"28":{"line":316,"type":"if","locations":[{"start":{"line":316,"column":12},"end":{"line":316,"column":12},"skip":true},{"start":{"line":316,"column":12},"end":{"line":316,"column":12},"skip":true}]}},"code":["/*","example.js","","quickstart example","","instruction","    1. save this script as example.js","    2. run the shell command:","        $ npm install npmtest-instagram-node && PORT=8081 node example.js","    3. play with the browser-demo on http://127.0.0.1:8081","*/","","","","/* istanbul instrument in package npmtest_instagram_node */","/*jslint","    bitwise: true,","    browser: true,","    maxerr: 8,","    maxlen: 96,","    node: true,","    nomen: true,","    regexp: true,","    stupid: true","*/","(function () {","    'use strict';","    var local;","","","","    // run shared js-env code - pre-init","    (function () {","        // init local","        local = {};","        // init modeJs","        local.modeJs = (function () {","            try {","                return typeof navigator.userAgent === 'string' &&","                    typeof document.querySelector('body') === 'object' &&","                    typeof XMLHttpRequest.prototype.open === 'function' &&","                    'browser';","            } catch (errorCaughtBrowser) {","                return module.exports &&","                    typeof process.versions.node === 'string' &&","                    typeof require('http').createServer === 'function' &&","                    'node';","            }","        }());","        // init global","        local.global = local.modeJs === 'browser'","            ? window","            : global;","        // init utility2_rollup","        local = local.global.utility2_rollup || (local.modeJs === 'browser'","            ? local.global.utility2_npmtest_instagram_node","            : global.utility2_moduleExports);","        // export local","        local.global.local = local;","    }());","    switch (local.modeJs) {","","","","    // post-init","    // run browser js-env code - post-init","    /* istanbul ignore next */","    case 'browser':","        local.testRunBrowser = function (event) {","            if (!event || (event &&","                    event.currentTarget &&","                    event.currentTarget.className &&","                    event.currentTarget.className.includes &&","                    event.currentTarget.className.includes('onreset'))) {","                // reset output","                Array.from(","                    document.querySelectorAll('body > .resettable')","                ).forEach(function (element) {","                    switch (element.tagName) {","                    case 'INPUT':","                    case 'TEXTAREA':","                        element.value = '';","                        break;","                    default:","                        element.textContent = '';","                    }","                });","            }","            switch (event && event.currentTarget && event.currentTarget.id) {","            case 'testRunButton1':","                // show tests","                if (document.querySelector('#testReportDiv1').style.display === 'none') {","                    document.querySelector('#testReportDiv1').style.display = 'block';","                    document.querySelector('#testRunButton1').textContent =","                        'hide internal test';","                    local.modeTest = true;","                    local.testRunDefault(local);","                // hide tests","                } else {","                    document.querySelector('#testReportDiv1').style.display = 'none';","                    document.querySelector('#testRunButton1').textContent = 'run internal test';","                }","                break;","            // custom-case","            default:","                break;","            }","            if (document.querySelector('#inputTextareaEval1') && (!event || (event &&","                    event.currentTarget &&","                    event.currentTarget.className &&","                    event.currentTarget.className.includes &&","                    event.currentTarget.className.includes('oneval')))) {","                // try to eval input-code","                try {","                    /*jslint evil: true*/","                    eval(document.querySelector('#inputTextareaEval1').value);","                } catch (errorCaught) {","                    console.error(errorCaught);","                }","            }","        };","        // log stderr and stdout to #outputTextareaStdout1","        ['error', 'log'].forEach(function (key) {","            console[key + '_original'] = console[key];","            console[key] = function () {","                var element;","                console[key + '_original'].apply(console, arguments);","                element = document.querySelector('#outputTextareaStdout1');","                if (!element) {","                    return;","                }","                // append text to #outputTextareaStdout1","                element.value += Array.from(arguments).map(function (arg) {","                    return typeof arg === 'string'","                        ? arg","                        : JSON.stringify(arg, null, 4);","                }).join(' ') + '\\n';","                // scroll textarea to bottom","                element.scrollTop = element.scrollHeight;","            };","        });","        // init event-handling","        ['change', 'click', 'keyup'].forEach(function (event) {","            Array.from(document.querySelectorAll('.on' + event)).forEach(function (element) {","                element.addEventListener(event, local.testRunBrowser);","            });","        });","        // run tests","        local.testRunBrowser();","        break;","","","","    // run node js-env code - post-init","    /* istanbul ignore next */","    case 'node':","        // export local","        module.exports = local;","        // require modules","        local.fs = require('fs');","        local.http = require('http');","        local.url = require('url');","        // init assets","        local.assetsDict = local.assetsDict || {};","        /* jslint-ignore-begin */","        local.assetsDict['/assets.index.template.html'] = '\\","<!doctype html>\\n\\","<html lang=\"en\">\\n\\","<head>\\n\\","<meta charset=\"UTF-8\">\\n\\","<meta name=\"viewport\" content=\"width=device-width, initial-scale=1\">\\n\\","<title>{{env.npm_package_name}} (v{{env.npm_package_version}})</title>\\n\\","<style>\\n\\","/*csslint\\n\\","    box-sizing: false,\\n\\","    universal-selector: false\\n\\","*/\\n\\","* {\\n\\","    box-sizing: border-box;\\n\\","}\\n\\","body {\\n\\","    background: #dde;\\n\\","    font-family: Arial, Helvetica, sans-serif;\\n\\","    margin: 2rem;\\n\\","}\\n\\","body > * {\\n\\","    margin-bottom: 1rem;\\n\\","}\\n\\",".utility2FooterDiv {\\n\\","    margin-top: 20px;\\n\\","    text-align: center;\\n\\","}\\n\\","</style>\\n\\","<style>\\n\\","/*csslint\\n\\","*/\\n\\","textarea {\\n\\","    font-family: monospace;\\n\\","    height: 10rem;\\n\\","    width: 100%;\\n\\","}\\n\\","textarea[readonly] {\\n\\","    background: #ddd;\\n\\","}\\n\\","</style>\\n\\","</head>\\n\\","<body>\\n\\","<!-- utility2-comment\\n\\","<div id=\"ajaxProgressDiv1\" style=\"background: #d00; height: 2px; left: 0; margin: 0; padding: 0; position: fixed; top: 0; transition: background 0.5s, width 1.5s; width: 25%;\"></div>\\n\\","utility2-comment -->\\n\\","<h1>\\n\\","<!-- utility2-comment\\n\\","    <a\\n\\","        {{#if env.npm_package_homepage}}\\n\\","        href=\"{{env.npm_package_homepage}}\"\\n\\","        {{/if env.npm_package_homepage}}\\n\\","        target=\"_blank\"\\n\\","    >\\n\\","utility2-comment -->\\n\\","        {{env.npm_package_name}} (v{{env.npm_package_version}})\\n\\","<!-- utility2-comment\\n\\","    </a>\\n\\","utility2-comment -->\\n\\","</h1>\\n\\","<h3>{{env.npm_package_description}}</h3>\\n\\","<!-- utility2-comment\\n\\","<h4><a download href=\"assets.app.js\">download standalone app</a></h4>\\n\\","<button class=\"onclick onreset\" id=\"testRunButton1\">run internal test</button><br>\\n\\","<div id=\"testReportDiv1\" style=\"display: none;\"></div>\\n\\","utility2-comment -->\\n\\","\\n\\","\\n\\","\\n\\","<label>stderr and stdout</label>\\n\\","<textarea class=\"resettable\" id=\"outputTextareaStdout1\" readonly></textarea>\\n\\","<!-- utility2-comment\\n\\","{{#if isRollup}}\\n\\","<script src=\"assets.app.js\"></script>\\n\\","{{#unless isRollup}}\\n\\","utility2-comment -->\\n\\","<script src=\"assets.utility2.rollup.js\"></script>\\n\\","<script src=\"jsonp.utility2._stateInit?callback=window.utility2._stateInit\"></script>\\n\\","<script src=\"assets.npmtest_instagram_node.rollup.js\"></script>\\n\\","<script src=\"assets.example.js\"></script>\\n\\","<script src=\"assets.test.js\"></script>\\n\\","<!-- utility2-comment\\n\\","{{/if isRollup}}\\n\\","utility2-comment -->\\n\\","<div class=\"utility2FooterDiv\">\\n\\","    [ this app was created with\\n\\","    <a href=\"https://github.com/kaizhu256/node-utility2\" target=\"_blank\">utility2</a>\\n\\","    ]\\n\\","</div>\\n\\","</body>\\n\\","</html>\\n\\","';","        /* jslint-ignore-end */","        if (local.templateRender) {","            local.assetsDict['/'] = local.templateRender(","                local.assetsDict['/assets.index.template.html'],","                {","                    env: local.objectSetDefault(local.env, {","                        npm_package_description: 'the greatest app in the world!',","                        npm_package_name: 'my-app',","                        npm_package_nameAlias: 'my_app',","                        npm_package_version: '0.0.1'","                    })","                }","            );","        } else {","            local.assetsDict['/'] = local.assetsDict['/assets.index.template.html']","                .replace((/\\{\\{env\\.(\\w+?)\\}\\}/g), function (match0, match1) {","                    // jslint-hack","                    String(match0);","                    switch (match1) {","                    case 'npm_package_description':","                        return 'the greatest app in the world!';","                    case 'npm_package_name':","                        return 'my-app';","                    case 'npm_package_nameAlias':","                        return 'my_app';","                    case 'npm_package_version':","                        return '0.0.1';","                    }","                });","        }","        // run the cli","        if (local.global.utility2_rollup || module !== require.main) {","            break;","        }","        local.assetsDict['/assets.example.js'] =","            local.assetsDict['/assets.example.js'] ||","            local.fs.readFileSync(__filename, 'utf8');","        local.assetsDict['/assets.npmtest_instagram_node.rollup.js'] =","            local.assetsDict['/assets.npmtest_instagram_node.rollup.js'] ||","            local.fs.readFileSync(","                // buildCustomOrg-hack","                local.npmtest_instagram_node.__dirname +","                    '/lib.npmtest_instagram_node.js',","                'utf8'","            ).replace((/^#!/), '//');","        local.assetsDict['/favicon.ico'] = local.assetsDict['/favicon.ico'] || '';","        // if $npm_config_timeout_exit exists,","        // then exit this process after $npm_config_timeout_exit ms","        if (Number(process.env.npm_config_timeout_exit)) {","            setTimeout(process.exit, Number(process.env.npm_config_timeout_exit));","        }","        // start server","        if (local.global.utility2_serverHttp1) {","            break;","        }","        process.env.PORT = process.env.PORT || '8081';","        console.error('server starting on port ' + process.env.PORT);","        local.http.createServer(function (request, response) {","            request.urlParsed = local.url.parse(request.url);","            if (local.assetsDict[request.urlParsed.pathname] !== undefined) {","                response.end(local.assetsDict[request.urlParsed.pathname]);","                return;","            }","            response.statusCode = 404;","            response.end();","        }).listen(process.env.PORT);","        break;","    }","}());",""],"l":{"26":2,"28":2,"33":2,"35":2,"37":2,"38":2,"39":2,"44":1,"51":2,"55":2,"59":2,"61":2,"69":1,"70":2,"76":2,"79":2,"82":2,"83":2,"85":1,"89":2,"92":1,"93":1,"94":1,"96":1,"97":1,"100":1,"101":1,"103":1,"106":1,"108":2,"114":1,"116":1,"118":1,"123":1,"124":2,"125":2,"126":2,"127":2,"128":2,"129":2,"130":1,"133":2,"134":2,"139":2,"143":1,"144":3,"145":1,"149":1,"150":1,"158":1,"160":1,"161":1,"162":1,"164":1,"166":1,"258":1,"259":1,"271":1,"274":6,"275":6,"277":1,"279":2,"281":1,"283":2,"288":1,"289":1,"291":1,"294":1,"302":1,"305":1,"306":1,"309":1,"310":1,"312":1,"313":1,"314":1,"315":1,"316":1,"317":1,"318":1,"320":1,"321":1,"323":1}},"/home/travis/build/npmtest/node-npmtest-instagram-node/node_modules/instagram-node/lib/instagram.js":{"path":"/home/travis/build/npmtest/node-npmtest-instagram-node/node_modules/instagram-node/lib/instagram.js","s":{"1":1,"2":1,"3":1,"4":1,"5":1,"6":1,"7":1,"8":0,"9":0,"10":0,"11":0,"12":0,"13":0,"14":0,"15":0,"16":0,"17":0,"18":0,"19":0,"20":0,"21":0,"22":0,"23":0,"24":0,"25":0,"26":0,"27":0,"28":0,"29":0,"30":0,"31":0,"32":0,"33":0,"34":0,"35":0,"36":0,"37":0,"38":0,"39":0,"40":0,"41":0,"42":0,"43":0,"44":0,"45":0,"46":0,"47":0,"48":0,"49":0,"50":0,"51":0,"52":0,"53":0,"54":0,"55":0,"56":0,"57":0,"58":0,"59":0,"60":0,"61":0,"62":0,"63":0,"64":0,"65":0,"66":0,"67":0,"68":0,"69":0,"70":0,"71":0,"72":0,"73":0,"74":0,"75":0,"76":0,"77":0,"78":0,"79":0,"80":0,"81":0,"82":0,"83":0,"84":0,"85":0,"86":0,"87":0,"88":0,"89":0,"90":0,"91":0,"92":0,"93":0,"94":0,"95":0,"96":0,"97":0,"98":0,"99":0,"100":0,"101":0,"102":0,"103":0,"104":0,"105":0,"106":0,"107":0,"108":0,"109":0,"110":0,"111":0,"112":0,"113":0,"114":0,"115":0,"116":0,"117":0,"118":0,"119":0,"120":0,"121":0,"122":0,"123":0,"124":0,"125":0,"126":0,"127":0,"128":0,"129":0,"130":0,"131":0,"132":0,"133":0,"134":0,"135":0,"136":0,"137":0,"138":0,"139":0,"140":0,"141":0,"142":0,"143":0,"144":0,"145":0,"146":0,"147":0,"148":0,"149":0,"150":0,"151":0,"152":0,"153":0,"154":0,"155":0,"156":0,"157":0,"158":0,"159":0,"160":0,"161":0,"162":0,"163":0,"164":0,"165":0,"166":0,"167":0,"168":0,"169":0,"170":0,"171":0,"172":0,"173":0,"174":0,"175":0,"176":0,"177":0,"178":0,"179":0,"180":0,"181":0,"182":0,"183":0,"184":0,"185":0,"186":0,"187":0,"188":0,"189":0,"190":0,"191":0,"192":0,"193":0,"194":0,"195":0,"196":0,"197":0,"198":0,"199":0,"200":0,"201":0,"202":0,"203":0,"204":0,"205":0,"206":0,"207":0,"208":0,"209":0,"210":0,"211":0,"212":0,"213":0,"214":0,"215":0,"216":0,"217":0,"218":0,"219":0,"220":0,"221":0,"222":0,"223":0,"224":0,"225":0,"226":0,"227":0,"228":0,"229":0,"230":0,"231":0,"232":0,"233":0,"234":0,"235":0,"236":0,"237":0,"238":0,"239":0,"240":0,"241":0,"242":0,"243":0,"244":0,"245":0,"246":0,"247":0,"248":0,"249":0,"250":0,"251":0,"252":0,"253":0,"254":0,"255":0,"256":0,"257":0,"258":0,"259":0,"260":0,"261":0,"262":0,"263":0,"264":0,"265":0,"266":0,"267":0,"268":0,"269":0,"270":0,"271":0,"272":0,"273":0,"274":0,"275":0,"276":0,"277":0,"278":0,"279":0,"280":0,"281":0,"282":0,"283":0,"284":0,"285":0,"286":0,"287":0,"288":0,"289":0,"290":0,"291":0,"292":0,"293":0,"294":0,"295":0,"296":0,"297":0,"298":0,"299":0,"300":0,"301":0,"302":0,"303":0,"304":0,"305":0,"306":0,"307":0,"308":0,"309":0,"310":0,"311":0,"312":0,"313":0,"314":0,"315":0,"316":0,"317":0,"318":0,"319":0,"320":0,"321":0,"322":0,"323":0,"324":0,"325":0,"326":0,"327":0,"328":0,"329":0,"330":0,"331":0,"332":0,"333":0,"334":0,"335":0,"336":0,"337":0,"338":0,"339":0,"340":0,"341":0,"342":0,"343":0,"344":0,"345":0,"346":0,"347":0,"348":0,"349":0,"350":0,"351":0,"352":0,"353":0,"354":0,"355":0,"356":0,"357":0,"358":0,"359":0,"360":0,"361":0,"362":0,"363":0,"364":0,"365":0,"366":0,"367":0,"368":0,"369":0,"370":0,"371":0,"372":0,"373":0,"374":0,"375":0,"376":0,"377":0,"378":0,"379":0,"380":0,"381":0,"382":0,"383":0,"384":0,"385":0,"386":0,"387":0,"388":0,"389":0,"390":0,"391":0,"392":0,"393":0,"394":0,"395":0,"396":0,"397":0,"398":0,"399":0,"400":0,"401":0,"402":0,"403":0,"404":0,"405":0,"406":0,"407":0,"408":0,"409":0,"410":0,"411":0,"412":0,"413":0,"414":0,"415":0,"416":0,"417":0,"418":0,"419":0,"420":0,"421":0,"422":0,"423":0,"424":0,"425":0,"426":0,"427":0,"428":0,"429":0,"430":0,"431":0,"432":0,"433":0,"434":0,"435":0,"436":0,"437":0,"438":0,"439":0,"440":0,"441":0,"442":0,"443":0,"444":0,"445":0,"446":0,"447":0,"448":0,"449":0,"450":0,"451":0,"452":0,"453":0,"454":0,"455":0,"456":0,"457":0,"458":0,"459":0,"460":0,"461":0,"462":0,"463":0,"464":0,"465":0,"466":0,"467":0,"468":0,"469":0,"470":0,"471":0,"472":0,"473":0,"474":0,"475":0,"476":0,"477":0,"478":0,"479":0,"480":0,"481":0,"482":0,"483":0,"484":0,"485":0,"486":0,"487":0,"488":0,"489":0,"490":0,"491":0,"492":0,"493":0,"494":0,"495":0,"496":0,"497":0,"498":0,"499":0,"500":0,"501":0,"502":0,"503":0,"504":0,"505":0,"506":0,"507":0,"508":0,"509":0,"510":0,"511":0,"512":0,"513":0,"514":0,"515":0,"516":0,"517":0,"518":0,"519":0,"520":0,"521":0,"522":0,"523":0,"524":0,"525":0,"526":0,"527":0,"528":0,"529":0,"530":0,"531":0,"532":0,"533":0,"534":0,"535":0,"536":0,"537":0,"538":0,"539":0,"540":0,"541":0,"542":0,"543":0,"544":0,"545":0,"546":0,"547":0,"548":0,"549":0,"550":0,"551":0,"552":0,"553":0,"554":0,"555":0,"556":0,"557":0,"558":0,"559":0,"560":0,"561":0,"562":0,"563":0,"564":0,"565":0,"566":0,"567":0,"568":0,"569":0,"570":0,"571":0,"572":0,"573":0,"574":0,"575":0,"576":0,"577":0,"578":0,"579":0,"580":0,"581":0,"582":0,"583":0,"584":0,"585":0,"586":0,"587":0,"588":0,"589":0,"590":0,"591":0,"592":0,"593":0,"594":0,"595":0,"596":0,"597":0,"598":0,"599":0,"600":0,"601":0,"602":0,"603":0,"604":0,"605":0,"606":0,"607":0,"608":0,"609":0,"610":0,"611":0,"612":0,"613":0,"614":0,"615":0,"616":0,"617":0,"618":0,"619":0,"620":0,"621":0,"622":0,"623":0,"624":0,"625":0,"626":0,"627":0,"628":0,"629":0,"630":0,"631":0,"632":0,"633":0,"634":0,"635":0,"636":0,"637":0,"638":0,"639":0,"640":0,"641":0,"642":0,"643":0,"644":0,"645":0,"646":0,"647":0,"648":0,"649":0,"650":0,"651":0,"652":0,"653":0,"654":0,"655":0,"656":0,"657":0,"658":0,"659":0,"660":0,"661":0,"662":0,"663":0,"664":0,"665":0,"666":0,"667":0,"668":0,"669":0,"670":0,"671":0,"672":0,"673":0,"674":0,"675":0,"676":0,"677":0,"678":0,"679":0,"680":0,"681":0,"682":0,"683":0,"684":0,"685":0,"686":0,"687":0,"688":0,"689":0,"690":0,"691":0,"692":0,"693":0,"694":0,"695":0,"696":0,"697":0,"698":0,"699":0,"700":0,"701":0,"702":0,"703":0,"704":0,"705":0,"706":0,"707":0,"708":0,"709":0,"710":0,"711":0,"712":0,"713":0,"714":0,"715":0,"716":0,"717":0,"718":0,"719":0,"720":0,"721":0,"722":0,"723":0,"724":0,"725":0,"726":0,"727":0,"728":0,"729":0,"730":0,"731":0,"732":0,"733":0,"734":0,"735":0,"736":0,"737":0,"738":0,"739":0,"740":0,"741":0,"742":0,"743":0,"744":0,"745":0,"746":0,"747":0,"748":0,"749":0,"750":0,"751":0,"752":0,"753":0,"754":0,"755":0,"756":0,"757":0,"758":0,"759":0,"760":0,"761":0,"762":0,"763":0,"764":0,"765":0,"766":0,"767":0,"768":0,"769":0,"770":0,"771":0,"772":0,"773":0,"774":0,"775":0,"776":0,"777":0,"778":0,"779":0,"780":0,"781":0,"782":0,"783":0,"784":0,"785":0,"786":0,"787":0,"788":0,"789":0,"790":0,"791":0,"792":0,"793":0,"794":0,"795":0,"796":0,"797":0,"798":0,"799":0,"800":0,"801":0,"802":0,"803":0,"804":0,"805":0,"806":0,"807":0,"808":0,"809":0,"810":0,"811":0,"812":0,"813":0,"814":0,"815":0,"816":0,"817":0,"818":0,"819":0,"820":0,"821":0,"822":0,"823":0,"824":0,"825":0,"826":0,"827":0,"828":0,"829":0,"830":0,"831":0,"832":0,"833":0,"834":0,"835":0,"836":1},"b":{"1":[0,0],"2":[0,0],"3":[0,0],"4":[0,0],"5":[0,0],"6":[0,0],"7":[0,0],"8":[0,0],"9":[0,0],"10":[0,0],"11":[0,0],"12":[0,0],"13":[0,0],"14":[0,0],"15":[0,0],"16":[0,0],"17":[0,0],"18":[0,0],"19":[0,0],"20":[0,0],"21":[0,0],"22":[0,0,0,0],"23":[0,0],"24":[0,0],"25":[0,0,0],"26":[0,0],"27":[0,0],"28":[0,0],"29":[0,0],"30":[0,0],"31":[0,0],"32":[0,0],"33":[0,0],"34":[0,0],"35":[0,0],"36":[0,0],"37":[0,0],"38":[0,0],"39":[0,0],"40":[0,0,0],"41":[0,0],"42":[0,0],"43":[0,0],"44":[0,0],"45":[0,0],"46":[0,0],"47":[0,0],"48":[0,0,0],"49":[0,0],"50":[0,0],"51":[0,0],"52":[0,0],"53":[0,0],"54":[0,0],"55":[0,0],"56":[0,0],"57":[0,0],"58":[0,0,0],"59":[0,0],"60":[0,0],"61":[0,0],"62":[0,0],"63":[0,0],"64":[0,0],"65":[0,0],"66":[0,0],"67":[0,0],"68":[0,0],"69":[0,0],"70":[0,0],"71":[0,0],"72":[0,0],"73":[0,0,0],"74":[0,0],"75":[0,0],"76":[0,0],"77":[0,0],"78":[0,0],"79":[0,0],"80":[0,0],"81":[0,0],"82":[0,0],"83":[0,0],"84":[0,0],"85":[0,0],"86":[0,0],"87":[0,0,0],"88":[0,0],"89":[0,0],"90":[0,0],"91":[0,0],"92":[0,0],"93":[0,0],"94":[0,0],"95":[0,0],"96":[0,0,0],"97":[0,0],"98":[0,0],"99":[0,0],"100":[0,0],"101":[0,0],"102":[0,0],"103":[0,0],"104":[0,0],"105":[0,0],"106":[0,0],"107":[0,0],"108":[0,0,0],"109":[0,0],"110":[0,0],"111":[0,0],"112":[0,0],"113":[0,0],"114":[0,0,0],"115":[0,0],"116":[0,0],"117":[0,0],"118":[0,0],"119":[0,0,0],"120":[0,0],"121":[0,0],"122":[0,0],"123":[0,0],"124":[0,0],"125":[0,0],"126":[0,0],"127":[0,0],"128":[0,0,0],"129":[0,0],"130":[0,0],"131":[0,0],"132":[0,0],"133":[0,0,0],"134":[0,0],"135":[0,0],"136":[0,0],"137":[0,0],"138":[0,0,0],"139":[0,0],"140":[0,0],"141":[0,0],"142":[0,0],"143":[0,0],"144":[0,0],"145":[0,0],"146":[0,0],"147":[0,0],"148":[0,0],"149":[0,0],"150":[0,0],"151":[0,0,0],"152":[0,0],"153":[0,0],"154":[0,0,0],"155":[0,0],"156":[0,0],"157":[0,0],"158":[0,0],"159":[0,0,0],"160":[0,0],"161":[0,0],"162":[0,0],"163":[0,0,0,0],"164":[0,0],"165":[0,0],"166":[0,0],"167":[0,0,0],"168":[0,0],"169":[0,0],"170":[0,0],"171":[0,0,0,0],"172":[0,0],"173":[0,0],"174":[0,0],"175":[0,0,0],"176":[0,0],"177":[0,0],"178":[0,0],"179":[0,0],"180":[0,0,0],"181":[0,0],"182":[0,0],"183":[0,0],"184":[0,0],"185":[0,0],"186":[0,0],"187":[0,0],"188":[0,0,0],"189":[0,0],"190":[0,0],"191":[0,0],"192":[0,0],"193":[0,0],"194":[0,0],"195":[0,0],"196":[0,0,0],"197":[0,0],"198":[0,0],"199":[0,0],"200":[0,0],"201":[0,0,0],"202":[0,0],"203":[0,0],"204":[0,0],"205":[0,0],"206":[0,0],"207":[0,0],"208":[0,0],"209":[0,0],"210":[0,0],"211":[0,0],"212":[0,0],"213":[0,0],"214":[0,0],"215":[0,0,0],"216":[0,0],"217":[0,0],"218":[0,0],"219":[0,0],"220":[0,0],"221":[0,0],"222":[0,0],"223":[0,0,0],"224":[0,0],"225":[0,0],"226":[0,0],"227":[0,0],"228":[0,0,0],"229":[0,0],"230":[0,0],"231":[0,0],"232":[0,0],"233":[0,0],"234":[0,0],"235":[0,0],"236":[0,0],"237":[0,0],"238":[0,0],"239":[0,0,0],"240":[0,0],"241":[0,0],"242":[0,0],"243":[0,0],"244":[0,0],"245":[0,0],"246":[0,0],"247":[0,0],"248":[0,0],"249":[0,0],"250":[0,0],"251":[0,0],"252":[0,0],"253":[0,0,0],"254":[0,0],"255":[0,0],"256":[0,0],"257":[0,0],"258":[0,0],"259":[0,0],"260":[0,0],"261":[0,0],"262":[0,0,0],"263":[0,0],"264":[0,0],"265":[0,0],"266":[0,0],"267":[0,0],"268":[0,0],"269":[0,0],"270":[0,0],"271":[0,0],"272":[0,0],"273":[0,0],"274":[0,0],"275":[0,0],"276":[0,0],"277":[0,0],"278":[0,0],"279":[0,0],"280":[0,0],"281":[0,0],"282":[0,0],"283":[0,0],"284":[0,0],"285":[0,0],"286":[0,0,0],"287":[0,0],"288":[0,0],"289":[0,0],"290":[0,0],"291":[0,0],"292":[0,0,0],"293":[0,0],"294":[0,0],"295":[0,0],"296":[0,0],"297":[0,0],"298":[0,0,0],"299":[0,0],"300":[0,0],"301":[0,0],"302":[0,0],"303":[0,0],"304":[0,0,0],"305":[0,0],"306":[0,0],"307":[0,0],"308":[0,0],"309":[0,0],"310":[0,0,0],"311":[0,0],"312":[0,0],"313":[0,0],"314":[0,0],"315":[0,0,0]},"f":{"1":0,"2":0,"3":0,"4":0,"5":0,"6":0,"7":0,"8":0,"9":0,"10":0,"11":0,"12":0,"13":0,"14":0,"15":0,"16":0,"17":0,"18":0,"19":0,"20":0,"21":0,"22":0,"23":0,"24":0,"25":0,"26":0,"27":0,"28":0,"29":0,"30":0,"31":0,"32":0,"33":0,"34":0,"35":0,"36":0,"37":0,"38":0,"39":0,"40":0,"41":0,"42":0,"43":0,"44":0,"45":0,"46":0,"47":0,"48":0,"49":0,"50":0,"51":0,"52":0,"53":0,"54":0,"55":0,"56":0,"57":0,"58":0,"59":0,"60":0,"61":0,"62":0,"63":0,"64":0,"65":0,"66":0,"67":0,"68":0,"69":0,"70":0,"71":0,"72":0,"73":0,"74":0,"75":0,"76":0,"77":0,"78":0,"79":0,"80":0,"81":0,"82":0,"83":0,"84":0,"85":0,"86":0,"87":0,"88":0,"89":0,"90":0,"91":0,"92":0,"93":0,"94":0,"95":0,"96":0,"97":0,"98":0,"99":0,"100":0,"101":0,"102":0,"103":0,"104":0,"105":0,"106":0,"107":0,"108":0,"109":0,"110":0,"111":0,"112":0,"113":0,"114":0,"115":0,"116":0,"117":0,"118":0,"119":0,"120":0,"121":0,"122":0,"123":0,"124":0,"125":0,"126":0},"fnMap":{"1":{"name":"(anonymous_1)","line":36,"loc":{"start":{"line":36,"column":16},"end":{"line":36,"column":35}}},"2":{"name":"(anonymous_2)","line":119,"loc":{"start":{"line":119,"column":9},"end":{"line":119,"column":51}}},"3":{"name":"(anonymous_3)","line":176,"loc":{"start":{"line":176,"column":39},"end":{"line":176,"column":53}}},"4":{"name":"(anonymous_4)","line":180,"loc":{"start":{"line":180,"column":23},"end":{"line":180,"column":39}}},"5":{"name":"(anonymous_5)","line":184,"loc":{"start":{"line":184,"column":22},"end":{"line":184,"column":33}}},"6":{"name":"(anonymous_6)","line":201,"loc":{"start":{"line":201,"column":22},"end":{"line":201,"column":36}}},"7":{"name":"(anonymous_7)","line":232,"loc":{"start":{"line":232,"column":17},"end":{"line":232,"column":56}}},"8":{"name":"(anonymous_8)","line":271,"loc":{"start":{"line":271,"column":17},"end":{"line":271,"column":59}}},"9":{"name":"(anonymous_9)","line":296,"loc":{"start":{"line":296,"column":16},"end":{"line":296,"column":33}}},"10":{"name":"(anonymous_10)","line":321,"loc":{"start":{"line":321,"column":8},"end":{"line":321,"column":26}}},"11":{"name":"(anonymous_11)","line":355,"loc":{"start":{"line":355,"column":9},"end":{"line":355,"column":26}}},"12":{"name":"(anonymous_12)","line":356,"loc":{"start":{"line":356,"column":16},"end":{"line":356,"column":27}}},"13":{"name":"(anonymous_13)","line":364,"loc":{"start":{"line":364,"column":36},"end":{"line":364,"column":76}}},"14":{"name":"(anonymous_14)","line":382,"loc":{"start":{"line":382,"column":19},"end":{"line":382,"column":41}}},"15":{"name":"(anonymous_15)","line":383,"loc":{"start":{"line":383,"column":16},"end":{"line":383,"column":27}}},"16":{"name":"(anonymous_16)","line":403,"loc":{"start":{"line":403,"column":44},"end":{"line":403,"column":84}}},"17":{"name":"(anonymous_17)","line":410,"loc":{"start":{"line":410,"column":21},"end":{"line":410,"column":34}}},"18":{"name":"(anonymous_18)","line":429,"loc":{"start":{"line":429,"column":20},"end":{"line":429,"column":42}}},"19":{"name":"(anonymous_19)","line":430,"loc":{"start":{"line":430,"column":16},"end":{"line":430,"column":27}}},"20":{"name":"(anonymous_20)","line":447,"loc":{"start":{"line":447,"column":51},"end":{"line":447,"column":91}}},"21":{"name":"(anonymous_21)","line":454,"loc":{"start":{"line":454,"column":21},"end":{"line":454,"column":34}}},"22":{"name":"(anonymous_22)","line":479,"loc":{"start":{"line":479,"column":22},"end":{"line":479,"column":53}}},"23":{"name":"(anonymous_23)","line":480,"loc":{"start":{"line":480,"column":16},"end":{"line":480,"column":27}}},"24":{"name":"(anonymous_24)","line":510,"loc":{"start":{"line":510,"column":63},"end":{"line":510,"column":103}}},"25":{"name":"(anonymous_25)","line":517,"loc":{"start":{"line":517,"column":21},"end":{"line":517,"column":34}}},"26":{"name":"(anonymous_26)","line":540,"loc":{"start":{"line":540,"column":27},"end":{"line":540,"column":49}}},"27":{"name":"(anonymous_27)","line":541,"loc":{"start":{"line":541,"column":16},"end":{"line":541,"column":27}}},"28":{"name":"(anonymous_28)","line":564,"loc":{"start":{"line":564,"column":16},"end":{"line":564,"column":45}}},"29":{"name":"(anonymous_29)","line":565,"loc":{"start":{"line":565,"column":16},"end":{"line":565,"column":27}}},"30":{"name":"(anonymous_30)","line":584,"loc":{"start":{"line":584,"column":41},"end":{"line":584,"column":81}}},"31":{"name":"(anonymous_31)","line":602,"loc":{"start":{"line":602,"column":17},"end":{"line":602,"column":48}}},"32":{"name":"(anonymous_32)","line":603,"loc":{"start":{"line":603,"column":16},"end":{"line":603,"column":27}}},"33":{"name":"(anonymous_33)","line":624,"loc":{"start":{"line":624,"column":58},"end":{"line":624,"column":98}}},"34":{"name":"(anonymous_34)","line":631,"loc":{"start":{"line":631,"column":21},"end":{"line":631,"column":34}}},"35":{"name":"(anonymous_35)","line":652,"loc":{"start":{"line":652,"column":19},"end":{"line":652,"column":50}}},"36":{"name":"(anonymous_36)","line":653,"loc":{"start":{"line":653,"column":16},"end":{"line":653,"column":27}}},"37":{"name":"(anonymous_37)","line":674,"loc":{"start":{"line":674,"column":62},"end":{"line":674,"column":102}}},"38":{"name":"(anonymous_38)","line":681,"loc":{"start":{"line":681,"column":21},"end":{"line":681,"column":34}}},"39":{"name":"(anonymous_39)","line":700,"loc":{"start":{"line":700,"column":27},"end":{"line":700,"column":40}}},"40":{"name":"(anonymous_40)","line":701,"loc":{"start":{"line":701,"column":16},"end":{"line":701,"column":27}}},"41":{"name":"(anonymous_41)","line":705,"loc":{"start":{"line":705,"column":48},"end":{"line":705,"column":88}}},"42":{"name":"(anonymous_42)","line":721,"loc":{"start":{"line":721,"column":22},"end":{"line":721,"column":44}}},"43":{"name":"(anonymous_43)","line":722,"loc":{"start":{"line":722,"column":16},"end":{"line":722,"column":27}}},"44":{"name":"(anonymous_44)","line":730,"loc":{"start":{"line":730,"column":59},"end":{"line":730,"column":99}}},"45":{"name":"(anonymous_45)","line":750,"loc":{"start":{"line":750,"column":26},"end":{"line":750,"column":65}}},"46":{"name":"(anonymous_46)","line":751,"loc":{"start":{"line":751,"column":16},"end":{"line":751,"column":27}}},"47":{"name":"(anonymous_47)","line":774,"loc":{"start":{"line":774,"column":64},"end":{"line":774,"column":104}}},"48":{"name":"(anonymous_48)","line":790,"loc":{"start":{"line":790,"column":10},"end":{"line":790,"column":33}}},"49":{"name":"(anonymous_49)","line":791,"loc":{"start":{"line":791,"column":16},"end":{"line":791,"column":27}}},"50":{"name":"(anonymous_50)","line":799,"loc":{"start":{"line":799,"column":42},"end":{"line":799,"column":82}}},"51":{"name":"(anonymous_51)","line":816,"loc":{"start":{"line":816,"column":20},"end":{"line":816,"column":50}}},"52":{"name":"(anonymous_52)","line":817,"loc":{"start":{"line":817,"column":18},"end":{"line":817,"column":29}}},"53":{"name":"(anonymous_53)","line":825,"loc":{"start":{"line":825,"column":61},"end":{"line":825,"column":101}}},"54":{"name":"(anonymous_54)","line":845,"loc":{"start":{"line":845,"column":17},"end":{"line":845,"column":49}}},"55":{"name":"(anonymous_55)","line":846,"loc":{"start":{"line":846,"column":16},"end":{"line":846,"column":27}}},"56":{"name":"(anonymous_56)","line":882,"loc":{"start":{"line":882,"column":41},"end":{"line":882,"column":81}}},"57":{"name":"(anonymous_57)","line":897,"loc":{"start":{"line":897,"column":18},"end":{"line":897,"column":31}}},"58":{"name":"(anonymous_58)","line":898,"loc":{"start":{"line":898,"column":16},"end":{"line":898,"column":27}}},"59":{"name":"(anonymous_59)","line":902,"loc":{"start":{"line":902,"column":38},"end":{"line":902,"column":78}}},"60":{"name":"(anonymous_60)","line":918,"loc":{"start":{"line":918,"column":13},"end":{"line":918,"column":36}}},"61":{"name":"(anonymous_61)","line":919,"loc":{"start":{"line":919,"column":16},"end":{"line":919,"column":27}}},"62":{"name":"(anonymous_62)","line":927,"loc":{"start":{"line":927,"column":56},"end":{"line":927,"column":96}}},"63":{"name":"(anonymous_63)","line":947,"loc":{"start":{"line":947,"column":16},"end":{"line":947,"column":54}}},"64":{"name":"(anonymous_64)","line":948,"loc":{"start":{"line":948,"column":16},"end":{"line":948,"column":27}}},"65":{"name":"(anonymous_65)","line":968,"loc":{"start":{"line":968,"column":61},"end":{"line":968,"column":101}}},"66":{"name":"(anonymous_66)","line":988,"loc":{"start":{"line":988,"column":16},"end":{"line":988,"column":60}}},"67":{"name":"(anonymous_67)","line":989,"loc":{"start":{"line":989,"column":16},"end":{"line":989,"column":27}}},"68":{"name":"(anonymous_68)","line":1008,"loc":{"start":{"line":1008,"column":77},"end":{"line":1008,"column":117}}},"69":{"name":"(anonymous_69)","line":1024,"loc":{"start":{"line":1024,"column":10},"end":{"line":1024,"column":33}}},"70":{"name":"(anonymous_70)","line":1025,"loc":{"start":{"line":1025,"column":16},"end":{"line":1025,"column":27}}},"71":{"name":"(anonymous_71)","line":1033,"loc":{"start":{"line":1033,"column":53},"end":{"line":1033,"column":93}}},"72":{"name":"(anonymous_72)","line":1052,"loc":{"start":{"line":1052,"column":13},"end":{"line":1052,"column":45}}},"73":{"name":"(anonymous_73)","line":1053,"loc":{"start":{"line":1053,"column":16},"end":{"line":1053,"column":27}}},"74":{"name":"(anonymous_74)","line":1071,"loc":{"start":{"line":1071,"column":58},"end":{"line":1071,"column":98}}},"75":{"name":"(anonymous_75)","line":1090,"loc":{"start":{"line":1090,"column":13},"end":{"line":1090,"column":45}}},"76":{"name":"(anonymous_76)","line":1091,"loc":{"start":{"line":1091,"column":16},"end":{"line":1091,"column":27}}},"77":{"name":"(anonymous_77)","line":1109,"loc":{"start":{"line":1109,"column":60},"end":{"line":1109,"column":100}}},"78":{"name":"(anonymous_78)","line":1125,"loc":{"start":{"line":1125,"column":8},"end":{"line":1125,"column":27}}},"79":{"name":"(anonymous_79)","line":1126,"loc":{"start":{"line":1126,"column":16},"end":{"line":1126,"column":27}}},"80":{"name":"(anonymous_80)","line":1134,"loc":{"start":{"line":1134,"column":57},"end":{"line":1134,"column":97}}},"81":{"name":"(anonymous_81)","line":1152,"loc":{"start":{"line":1152,"column":21},"end":{"line":1152,"column":48}}},"82":{"name":"(anonymous_82)","line":1153,"loc":{"start":{"line":1153,"column":16},"end":{"line":1153,"column":27}}},"83":{"name":"(anonymous_83)","line":1177,"loc":{"start":{"line":1177,"column":78},"end":{"line":1177,"column":118}}},"84":{"name":"(anonymous_84)","line":1186,"loc":{"start":{"line":1186,"column":21},"end":{"line":1186,"column":34}}},"85":{"name":"(anonymous_85)","line":1205,"loc":{"start":{"line":1205,"column":15},"end":{"line":1205,"column":35}}},"86":{"name":"(anonymous_86)","line":1206,"loc":{"start":{"line":1206,"column":16},"end":{"line":1206,"column":27}}},"87":{"name":"(anonymous_87)","line":1214,"loc":{"start":{"line":1214,"column":46},"end":{"line":1214,"column":86}}},"88":{"name":"(anonymous_88)","line":1231,"loc":{"start":{"line":1231,"column":13},"end":{"line":1231,"column":39}}},"89":{"name":"(anonymous_89)","line":1232,"loc":{"start":{"line":1232,"column":16},"end":{"line":1232,"column":27}}},"90":{"name":"(anonymous_90)","line":1240,"loc":{"start":{"line":1240,"column":49},"end":{"line":1240,"column":89}}},"91":{"name":"(anonymous_91)","line":1260,"loc":{"start":{"line":1260,"column":26},"end":{"line":1260,"column":61}}},"92":{"name":"(anonymous_92)","line":1261,"loc":{"start":{"line":1261,"column":16},"end":{"line":1261,"column":27}}},"93":{"name":"(anonymous_93)","line":1288,"loc":{"start":{"line":1288,"column":71},"end":{"line":1288,"column":111}}},"94":{"name":"(anonymous_94)","line":1295,"loc":{"start":{"line":1295,"column":21},"end":{"line":1295,"column":34}}},"95":{"name":"(anonymous_95)","line":1318,"loc":{"start":{"line":1318,"column":20},"end":{"line":1318,"column":48}}},"96":{"name":"(anonymous_96)","line":1319,"loc":{"start":{"line":1319,"column":16},"end":{"line":1319,"column":27}}},"97":{"name":"(anonymous_97)","line":1346,"loc":{"start":{"line":1346,"column":45},"end":{"line":1346,"column":85}}},"98":{"name":"(anonymous_98)","line":1364,"loc":{"start":{"line":1364,"column":27},"end":{"line":1364,"column":63}}},"99":{"name":"(anonymous_99)","line":1365,"loc":{"start":{"line":1365,"column":16},"end":{"line":1365,"column":27}}},"100":{"name":"(anonymous_100)","line":1386,"loc":{"start":{"line":1386,"column":74},"end":{"line":1386,"column":114}}},"101":{"name":"(anonymous_101)","line":1393,"loc":{"start":{"line":1393,"column":21},"end":{"line":1393,"column":34}}},"102":{"name":"(anonymous_102)","line":1415,"loc":{"start":{"line":1415,"column":26},"end":{"line":1415,"column":58}}},"103":{"name":"(anonymous_103)","line":1457,"loc":{"start":{"line":1457,"column":19},"end":{"line":1457,"column":52}}},"104":{"name":"(anonymous_104)","line":1458,"loc":{"start":{"line":1458,"column":16},"end":{"line":1458,"column":27}}},"105":{"name":"(anonymous_105)","line":1470,"loc":{"start":{"line":1470,"column":48},"end":{"line":1470,"column":88}}},"106":{"name":"(anonymous_106)","line":1492,"loc":{"start":{"line":1492,"column":11},"end":{"line":1492,"column":38}}},"107":{"name":"(anonymous_107)","line":1493,"loc":{"start":{"line":1493,"column":16},"end":{"line":1493,"column":27}}},"108":{"name":"(anonymous_108)","line":1523,"loc":{"start":{"line":1523,"column":36},"end":{"line":1523,"column":76}}},"109":{"name":"(anonymous_109)","line":1538,"loc":{"start":{"line":1538,"column":18},"end":{"line":1538,"column":30}}},"110":{"name":"(anonymous_110)","line":1539,"loc":{"start":{"line":1539,"column":16},"end":{"line":1539,"column":26}}},"111":{"name":"(anonymous_111)","line":1543,"loc":{"start":{"line":1543,"column":39},"end":{"line":1543,"column":79}}},"112":{"name":"(anonymous_112)","line":1561,"loc":{"start":{"line":1561,"column":25},"end":{"line":1561,"column":65}}},"113":{"name":"(anonymous_113)","line":1562,"loc":{"start":{"line":1562,"column":16},"end":{"line":1562,"column":26}}},"114":{"name":"(anonymous_114)","line":1582,"loc":{"start":{"line":1582,"column":44},"end":{"line":1582,"column":84}}},"115":{"name":"(anonymous_115)","line":1602,"loc":{"start":{"line":1602,"column":31},"end":{"line":1602,"column":84}}},"116":{"name":"(anonymous_116)","line":1603,"loc":{"start":{"line":1603,"column":16},"end":{"line":1603,"column":26}}},"117":{"name":"(anonymous_117)","line":1625,"loc":{"start":{"line":1625,"column":44},"end":{"line":1625,"column":84}}},"118":{"name":"(anonymous_118)","line":1642,"loc":{"start":{"line":1642,"column":26},"end":{"line":1642,"column":61}}},"119":{"name":"(anonymous_119)","line":1643,"loc":{"start":{"line":1643,"column":16},"end":{"line":1643,"column":26}}},"120":{"name":"(anonymous_120)","line":1662,"loc":{"start":{"line":1662,"column":44},"end":{"line":1662,"column":84}}},"121":{"name":"(anonymous_121)","line":1680,"loc":{"start":{"line":1680,"column":30},"end":{"line":1680,"column":78}}},"122":{"name":"(anonymous_122)","line":1681,"loc":{"start":{"line":1681,"column":16},"end":{"line":1681,"column":26}}},"123":{"name":"(anonymous_123)","line":1701,"loc":{"start":{"line":1701,"column":44},"end":{"line":1701,"column":84}}},"124":{"name":"(anonymous_124)","line":1717,"loc":{"start":{"line":1717,"column":21},"end":{"line":1717,"column":42}}},"125":{"name":"(anonymous_125)","line":1718,"loc":{"start":{"line":1718,"column":16},"end":{"line":1718,"column":26}}},"126":{"name":"(anonymous_126)","line":1730,"loc":{"start":{"line":1730,"column":46},"end":{"line":1730,"column":86}}}},"statementMap":{"1":{"start":{"line":22,"column":0},"end":{"line":22,"column":25}},"2":{"start":{"line":23,"column":0},"end":{"line":23,"column":27}},"3":{"start":{"line":24,"column":0},"end":{"line":24,"column":29}},"4":{"start":{"line":25,"column":0},"end":{"line":25,"column":35}},"5":{"start":{"line":26,"column":0},"end":{"line":26,"column":25}},"6":{"start":{"line":27,"column":0},"end":{"line":27,"column":31}},"7":{"start":{"line":36,"column":0},"end":{"line":1795,"column":2}},"8":{"start":{"line":37,"column":2},"end":{"line":37,"column":18}},"9":{"start":{"line":38,"column":2},"end":{"line":38,"column":16}},"10":{"start":{"line":39,"column":2},"end":{"line":39,"column":20}},"11":{"start":{"line":41,"column":2},"end":{"line":41,"column":18}},"12":{"start":{"line":42,"column":2},"end":{"line":42,"column":22}},"13":{"start":{"line":43,"column":2},"end":{"line":43,"column":24}},"14":{"start":{"line":44,"column":2},"end":{"line":44,"column":53}},"15":{"start":{"line":45,"column":2},"end":{"line":45,"column":29}},"16":{"start":{"line":46,"column":2},"end":{"line":46,"column":69}},"17":{"start":{"line":49,"column":2},"end":{"line":49,"column":10}},"18":{"start":{"line":51,"column":2},"end":{"line":51,"column":11}},"19":{"start":{"line":52,"column":2},"end":{"line":52,"column":21}},"20":{"start":{"line":53,"column":2},"end":{"line":53,"column":24}},"21":{"start":{"line":54,"column":2},"end":{"line":54,"column":29}},"22":{"start":{"line":55,"column":2},"end":{"line":55,"column":22}},"23":{"start":{"line":56,"column":2},"end":{"line":56,"column":18}},"24":{"start":{"line":58,"column":2},"end":{"line":58,"column":19}},"25":{"start":{"line":59,"column":2},"end":{"line":59,"column":21}},"26":{"start":{"line":60,"column":2},"end":{"line":60,"column":29}},"27":{"start":{"line":61,"column":2},"end":{"line":61,"column":24}},"28":{"start":{"line":62,"column":2},"end":{"line":62,"column":28}},"29":{"start":{"line":64,"column":2},"end":{"line":64,"column":12}},"30":{"start":{"line":65,"column":2},"end":{"line":65,"column":22}},"31":{"start":{"line":66,"column":2},"end":{"line":66,"column":19}},"32":{"start":{"line":67,"column":2},"end":{"line":67,"column":20}},"33":{"start":{"line":69,"column":2},"end":{"line":69,"column":15}},"34":{"start":{"line":70,"column":2},"end":{"line":70,"column":18}},"35":{"start":{"line":71,"column":2},"end":{"line":71,"column":18}},"36":{"start":{"line":73,"column":2},"end":{"line":73,"column":12}},"37":{"start":{"line":74,"column":2},"end":{"line":74,"column":15}},"38":{"start":{"line":75,"column":2},"end":{"line":75,"column":15}},"39":{"start":{"line":77,"column":2},"end":{"line":77,"column":10}},"40":{"start":{"line":78,"column":2},"end":{"line":78,"column":23}},"41":{"start":{"line":79,"column":2},"end":{"line":79,"column":17}},"42":{"start":{"line":81,"column":2},"end":{"line":81,"column":15}},"43":{"start":{"line":82,"column":2},"end":{"line":82,"column":28}},"44":{"start":{"line":83,"column":2},"end":{"line":83,"column":22}},"45":{"start":{"line":85,"column":2},"end":{"line":85,"column":29}},"46":{"start":{"line":87,"column":2},"end":{"line":87,"column":20}},"47":{"start":{"line":88,"column":2},"end":{"line":88,"column":23}},"48":{"start":{"line":89,"column":2},"end":{"line":89,"column":27}},"49":{"start":{"line":90,"column":2},"end":{"line":90,"column":33}},"50":{"start":{"line":91,"column":2},"end":{"line":91,"column":28}},"51":{"start":{"line":92,"column":2},"end":{"line":92,"column":32}},"52":{"start":{"line":94,"column":2},"end":{"line":94,"column":28}},"53":{"start":{"line":95,"column":2},"end":{"line":95,"column":21}},"54":{"start":{"line":97,"column":2},"end":{"line":97,"column":13}},"55":{"start":{"line":100,"column":2},"end":{"line":100,"column":11}},"56":{"start":{"line":101,"column":2},"end":{"line":101,"column":19}},"57":{"start":{"line":102,"column":2},"end":{"line":102,"column":19}},"58":{"start":{"line":103,"column":2},"end":{"line":103,"column":18}},"59":{"start":{"line":105,"column":2},"end":{"line":105,"column":16}},"60":{"start":{"line":119,"column":2},"end":{"line":214,"column":4}},"61":{"start":{"line":120,"column":4},"end":{"line":213,"column":5}},"62":{"start":{"line":123,"column":6},"end":{"line":129,"column":7}},"63":{"start":{"line":124,"column":8},"end":{"line":128,"column":9}},"64":{"start":{"line":125,"column":10},"end":{"line":127,"column":11}},"65":{"start":{"line":126,"column":12},"end":{"line":126,"column":39}},"66":{"start":{"line":132,"column":6},"end":{"line":152,"column":7}},"67":{"start":{"line":133,"column":8},"end":{"line":151,"column":9}},"68":{"start":{"line":134,"column":10},"end":{"line":134,"column":28}},"69":{"start":{"
[...]
_uri string the url to redirect to","   * @param cb function (err, result);","   */","  authorize_user = function(code, redirect_uri, cb) {","    var retry = function() {","      authorize_user(code, redirect_uri, cb);","    };","","    var params = {","      client_id: my.auth.client_id,","      client_secret: my.auth.client_secret,","      grant_type: 'authorization_code',","      redirect_uri: redirect_uri,","      code: code","    };","","    call('POST', '/oauth/access_token', params, function(err, result, remaining, limit) {","      if(err) {","        return handle_error(err, cb, retry);","      }","      else if(result && result.access_token) {","        return cb(null, result);","      }","      else {","        return handle_error(result, cb, retry);","      }","    }, retry);","  };","","  /**","   * Retrieves information about a given media based on its url (see http://instagram.com/developer/embedding/)","   * @param url string the url of the instagram media item to get the oEmbed data for","   * @param options object { callback,     [opt]","   *                         omitscript,   [opt]","   *                         hidecaption,  [opt]","   *                         maxwidth      [opt] }","   * @param cb function (err, result, limit);","   */","  oembed = function(url, options, cb) {","    var retry = function() {","      oembed(url, options, cb);","    }","","    if(!cb && typeof options === 'function') {","      cb = options;","      options = {};","    }","    var params = {};","","    if(typeof url !== 'string' || url === '') {","      return handle_error(new Error('Wrong param \"url\"'), cb, retry);","    }","    else {","      params.url = url;","    }","","    if(options.callback) {","      params.callback = options.callback;","    }","    if(options.omitscript) {","      params.omitscript = options.omitscript;","    }","    if(options.hidecaption) {","      params.hidecaption = options.hidecaption;","    }","    if(options.maxwidth) {","      params.maxwidth = options.maxwidth;","    }","","    call('GET', '/oembed/', params, function(err, result, remaining, limit) {","      if(err) {","        return handle_error(err, cb, retry);","      } else if(result) {","        return cb(null, result, remaining, limit);","      } else {","        return handle_error(result, cb, retry);","      }","    }, retry);","  };","","  /**","   * Get a list of realtime subscriptions (see http://instagram.com/developer/realtime/#list-your-subscriptions)","   * @param  function cb      function (err, result, limit);","   */","  subscriptions = function(cb){","    var retry = function(){","      subscriptions(cb);","    };","","    call('GET', '/subscriptions/', {}, function(err, result, remaining, limit) {","      if(err) {","        return handle_error(err, cb, retry);","      } else if(result && result.meta && result.meta.code === 200) {","        return cb(null, result.data, remaining, limit);","      } else {","        return handle_error(result, cb, retry);","      }","    }, retry);","  };","","  /**","   * Add a subscription on a tag","   * @param tag string the tag on which to subscribe","   * @param callback_url string the url on which to be called back","   * @param options object { verify_token }","   * @param cb function(err, result)","   */","  add_tag_subscription = function(tag, callback_url, options, cb){","    var retry = function(){","      add_tag_subscription(tag, callback_url, options, cb);","    };","","    if(!cb && typeof options === 'function') {","      cb = options;","      options = {};","    }","","    var params = {","      callback_url: callback_url,","      object: 'tag',","      aspect: 'media',","      object_id: tag","    };","","    if(options.verify_token) {","      params.verify_token = options.verify_token;","    }","","    call('POST', '/subscriptions/', params, function(err, result, remaining, limit) {","      if(err) {","        return handle_error(err, cb, retry);","      } else if(result && result.meta && result.meta.code === 200) {","        return cb(null, result.data, remaining, limit);","      } else {","        return handle_error(result, cb, retry);","      }","    }, retry);","  };","","  /**","   * Subscribe to posts in a geographical circle (see http://instagram.com/developer/realtime/#geography-subscriptions)","   * @param  {Number}   lat          Latitude of center of circle","   * @param  {Number}   lng         Longitude of center of circle","   * @param  {Number}   radius       Radius of circle, in meters","   * @param  {String}   callback_url URL to be called back when a new post is from this geographical circle","   * @param  {Object}   options { verify_token }","   * @param  {Function} cb           function (err, result, limit);","   */","  add_geography_subscription = function(lat, lng, radius, callback_url, options, cb){","    var retry = function(){","      add_geography_subscription(lat, lng, radius, callback_url, options, cb);","    };","","    if(!cb && typeof options === 'function') {","      cb = options;","      options = {};","    }","","    var params = {","      callback_url: callback_url,","      object:'geography',","      lat: lat,","      lng: lng,","      radius: radius,","      aspect: 'media'","    };","","    if(options.verify_token) {","      params.verify_token = options.verify_token;","    }","","    call('POST', '/subscriptions/', params, function(err, result, remaining, limit) {","      if(err) {","        return handle_error(err, cb, retry);","      } else if(result && result.meta && result.meta.code === 200) {","        return cb(null, result.data, remaining, limit);","      } else {","        return handle_error(result, cb, retry);","      }","    }, retry);","  };","","  /**","   * Subscribe to posts from your subscribed users (see http://instagram.com/developer/realtime/#user-subscriptions)","   * @param  {String}   callback_url URL to be called back when a new post is from this user","   * @param  {Object}   options { verify_token }","   * @param  {Function} cb           function (err, result, limit);","   */","  add_user_subscription = function(callback_url, options, cb){","    var retry = function(){","      add_user_subscription(callback_url, options, cb);","    };","","    if(!cb && typeof options === 'function') {","      cb = options;","      options = {};","    }","","    var params = {","      callback_url: callback_url,","      object:'user',","      aspect: 'media'","    };","","    if(options.verify_token) {","      params.verify_token = options.verify_token;","    }","","    call('POST', '/subscriptions/', params, function(err, result, remaining, limit) {","      if(err) {","        return handle_error(err, cb, retry);","      } else if(result && result.meta && result.meta.code === 200) {","        return cb(null, result.data, remaining, limit);","      } else {","        return handle_error(result, cb, retry);","      }","    }, retry);","  };","","","  /**","   * Subscribe to posts from a specific location (see http://instagram.com/developer/realtime/#location-subscriptions)","   * @param  {Number}   location_id  a specific Instagram location","   * @param  {String}   callback_url URL to be called back when a new post is in this location","   * @param  {Function} cb           function (err, result, limit);","   */","  add_location_subscription = function(location_id, callback_url, options, cb){","    var retry = function(){","      add_location_subscription(location_id, callback_url, options, cb);","    };","","    if(!cb && typeof options === 'function') {","      cb = options;","      options = {};","    }","","    var params = {","      callback_url: callback_url,","      object:'location',","      object_id: location_id,","      aspect: 'media'","    };","","    if(options.verify_token) {","      params.verify_token = options.verify_token;","    }","","    call('POST', '/subscriptions/', params, function(err, result, remaining, limit) {","      if(err) {","        return handle_error(err, cb, retry);","      } else if(result && result.meta && result.meta.code === 200) {","        return cb(null, result.data, remaining, limit);","      } else {","        return handle_error(result, cb, retry);","      }","    }, retry);","  };","","  /**","   * Delete a realtime subscription","   * @param  {Object}   options search (see http://instagram.com/developer/realtime/#delete-subscriptions)","   * @param  {Function} cb      function (err, result, limit);","   */","  del_subscription = function(options, cb){","    var retry = function(){","      del_subscription(options, cb);","    };","","    var params = {};","    if(options.id) {","      params.id = options.id;","    }","    if(options.all) {","      params.object = 'all';","    }","","    call('DELETE', '/subscriptions/', params, function(err, result, remaining, limit) {","      if(err) {","        return handle_error(err, cb, retry);","      } else if(result && result.meta && result.meta.code === 200) {","        return cb(null, result.data, remaining, limit);","      } else {","        return handle_error(result, cb, retry);","      }","    }, retry);","  };","","  fwk.method(that, 'use', use, _super);","","  fwk.method(that, 'user', user, _super);","  fwk.method(that, 'user_self_feed', user_self_feed, _super);","  fwk.method(that, 'user_media_recent', user_media_recent, _super);","  fwk.method(that, 'user_self_media_recent', user_self_media_recent, _super);","  fwk.method(that, 'user_self_liked', user_self_liked, _super);","  fwk.method(that, 'user_search', user_search, _super);","","  fwk.method(that, 'user_follows', user_follows, _super);","  fwk.method(that, 'user_followers', user_followers, _super);","  fwk.method(that, 'user_self_requested_by', user_self_requested_by, _super);","  fwk.method(that, 'user_relationship', user_relationship, _super);","  fwk.method(that, 'set_user_relationship', set_user_relationship, _super);","","  fwk.method(that, 'media', media, _super);","  fwk.method(that, 'media_shortcode', media_shortcode, _super);","  fwk.method(that, 'media_search', media_search, _super);","  fwk.method(that, 'media_popular', media_popular, _super);","","  fwk.method(that, 'comments', comments, _super);","  fwk.method(that, 'add_comment', add_comment, _super);","  fwk.method(that, 'del_comment', del_comment, _super);","","  fwk.method(that, 'likes', likes, _super);","  fwk.method(that, 'add_like', add_like, _super);","  fwk.method(that, 'del_like', del_like, _super);","","  fwk.method(that, 'tag', tag, _super);","  fwk.method(that, 'tag_media_recent', tag_media_recent, _super);","  fwk.method(that, 'tag_search', tag_search, _super);","","  fwk.method(that, 'location', location, _super);","  fwk.method(that, 'location_media_recent', location_media_recent, _super);","  fwk.method(that, 'location_search', location_search, _super);","","  fwk.method(that, 'geography_media_recent', geography_media_recent, _super);","","  fwk.method(that, 'get_authorization_url', get_authorization_url, _super);","  fwk.method(that, 'authorize_user', authorize_user, _super);","","  fwk.method(that, 'oembed', oembed, _super);","","  fwk.method(that, 'subscriptions', subscriptions, _super);","  fwk.method(that, 'del_subscription', del_subscription, _super);","  fwk.method(that, 'add_tag_subscription', add_tag_subscription, _super);","  fwk.method(that, 'add_geography_subscription', add_geography_subscription, _super);","  fwk.method(that, 'add_user_subscription', add_user_subscription, _super);","  fwk.method(that, 'add_location_subscription', add_location_subscription, _super);","","  fwk.getter(that, 'limit', my, 'limit');","  fwk.getter(that, 'remaining', my, 'remaining');","","  return that;","};","","exports.instagram = instagram;",""],"l":{"22":1,"23":1,"24":1,"25":1,"26":1,"27":1,"36":1,"37":0,"38":0,"39":0,"41":0,"42":0,"43":0,"44":0,"45":0,"46":0,"49":0,"51":0,"52":0,"53":0,"54":0,"55":0,"56":0,"58":0,"59":0,"60":0,"61":0,"62":0,"64":0,"65":0,"66":0,"67":0,"69":0,"70":0,"71":0,"73":0,"74":0,"75":0,"77":0,"78":0,"79":0,"81":0,"82":0,"83":0,"85":0,"87":0,"88":0,"89":0,"90":0,"91":0,"92":0,"94":0,"95":0,"97":0,"100":0,"101":0,"102":0,"103":0,"105":0,"119":0,"120":0,"123":0,"124":0,"125":0,"126":0,"132":0,"133":0,"134":0,"136":0,"137":0,"138":0,"140":0,"143":0,"150":0,"154":0,"164":0,"165":0,"168":0,"170":0,"171":0,"172":0,"173":0,"176":0,"177":0,"178":0,"180":0,"181":0,"184":0,"185":0,"186":0,"187":0,"188":0,"189":0,"191":0,"192":0,"194":0,"197":0,"201":0,"202":0,"205":0,"206":0,"209":0,"212":0,"232":0,"233":0,"235":0,"236":0,"242":0,"243":0,"244":0,"245":0,"246":0,"247":0,"248":0,"250":0,"251":0,"252":0,"253":0,"254":0,"255":0,"257":0,"258":0,"259":0,"271":0,"272":0,"273":0,"276":0,"278":0,"279":0,"280":0,"281":0,"285":0,"286":0,"287":0,"296":0,"297":0,"300":0,"301":0,"302":0,"304":0,"305":0,"307":0,"321":0,"322":0,"323":0,"324":0,"326":0,"327":0,"328":0,"329":0,"332":0,"333":0,"335":0,"336":0,"337":0,"338":0,"343":0,"346":0,"355":0,"356":0,"357":0,"360":0,"361":0,"364":0,"365":0,"366":0,"367":0,"368":0,"370":0,"382":0,"383":0,"384":0,"387":0,"388":0,"389":0,"391":0,"393":0,"394":0,"396":0,"397":0,"399":0,"400":0,"403":0,"404":0,"405":0,"406":0,"407":0,"408":0,"409":0,"410":0,"411":0,"413":0,"416":0,"418":0,"429":0,"430":0,"431":0,"434":0,"435":0,"436":0,"438":0,"440":0,"441":0,"443":0,"444":0,"447":0,"448":0,"449":0,"450":0,"451":0,"452":0,"453":0,"454":0,"455":0,"457":0,"458":0,"461":0,"463":0,"479":0,"480":0,"481":0,"484":0,"485":0,"486":0,"488":0,"490":0,"491":0,"494":0,"495":0,"497":0,"498":0,"500":0,"501":0,"503":0,"504":0,"506":0,"507":0,"510":0,"511":0,"512":0,"513":0,"514":0,"515":0,"516":0,"517":0,"518":0,"520":0,"521":0,"524":0,"526":0,"540":0,"541":0,"542":0,"545":0,"546":0,"547":0,"550":0,"551":0,"554":0,"555":0,"564":0,"565":0,"566":0,"569":0,"570":0,"571":0,"573":0,"575":0,"576":0,"578":0,"580":0,"581":0,"584":0,"585":0,"586":0,"587":0,"588":0,"590":0,"602":0,"603":0,"604":0,"607":0,"608":0,"609":0,"612":0,"613":0,"616":0,"617":0,"618":0,"620":0,"621":0,"624":0,"625":0,"626":0,"627":0,"628":0,"629":0,"630":0,"631":0,"632":0,"634":0,"635":0,"638":0,"640":0,"652":0,"653":0,"654":0,"657":0,"658":0,"659":0,"662":0,"663":0,"666":0,"667":0,"668":0,"670":0,"671":0,"674":0,"675":0,"676":0,"677":0,"678":0,"679":0,"680":0,"681":0,"682":0,"684":0,"685":0,"688":0,"690":0,"700":0,"701":0,"702":0,"705":0,"706":0,"707":0,"708":0,"709":0,"711":0,"721":0,"722":0,"723":0,"726":0,"727":0,"730":0,"731":0,"732":0,"733":0,"734":0,"736":0,"750":0,"751":0,"752":0,"755":0,"756":0,"757":0,"759":0,"761":0,"762":0,"765":0,"766":0,"768":0,"770":0,"771":0,"774":0,"775":0,"776":0,"777":0,"778":0,"780":0,"790":0,"791":0,"792":0,"795":0,"796":0,"799":0,"800":0,"801":0,"802":0,"803":0,"805":0,"816":0,"817":0,"818":0,"821":0,"822":0,"825":0,"826":0,"827":0,"828":0,"829":0,"831":0,"845":0,"846":0,"847":0,"850":0,"851":0,"852":0,"854":0,"856":0,"857":0,"860":0,"861":0,"863":0,"864":0,"865":0,"867":0,"869":0,"870":0,"871":0,"873":0,"875":0,"876":0,"878":0,"879":0,"882":0,"883":0,"884":0,"885":0,"886":0,"888":0,"897":0,"898":0,"899":0,"902":0,"903":0,"904":0,"905":0,"906":0,"908":0,"918":0,"919":0,"920":0,"923":0,"924":0,"927":0,"928":0,"929":0,"930":0,"931":0,"933":0,"947":0,"948":0,"949":0,"952":0,"953":0,"954":0,"956":0,"958":0,"960":0,"962":0,"964":0,"965":0,"968":0,"969":0,"970":0,"971":0,"972":0,"974":0,"988":0,"989":0,"990":0,"993":0,"994":0,"995":0,"997":0,"999":0,"1001":0,"1004":0,"1005":0,"1008":0,"1009":0,"1010":0,"1011":0,"1012":0,"1014":0,"1024":0,"1025":0,"1026":0,"1029":0,"1030":0,"1033":0,"1034":0,"1035":0,"1036":0,"1037":0,"1039":0,"1052":0,"1053":0,"1054":0,"1057":0,"1058":0,"1059":0,"1061":0,"1063":0,"1064":0,"1067":0,"1068":0,"1071":0,"1072":0,"1073":0,"1074":0,"1075":0,"1077":0,"1090":0,"1091":0,"1092":0,"1095":0,"1096":0,"1097":0,"1099":0,"1101":0,"1102":0,"1105":0,"1106":0,"1109":0,"1110":0,"1111":0,"1112":0,"1113":0,"1115":0,"1125":0,"1126":0,"1127":0,"1130":0,"1131":0,"1134":0,"1135":0,"1136":0,"1137":0,"1138":0,"1140":0,"1152":0,"1153":0,"1154":0,"1157":0,"1158":0,"1159":0,"1161":0,"1163":0,"1164":0,"1167":0,"1168":0,"1170":0,"1171":0,"1173":0,"1174":0,"1177":0,"1178":0,"1179":0,"1180":0,"1181":0,"1182":0,"1185":0,"1186":0,"1187":0,"1189":0,"1190":0,"1193":0,"1195":0,"1205":0,"1206":0,"1207":0,"1210":0,"1211":0,"1214":0,"1215":0,"1216":0,"1217":0,"1218":0,"1220":0,"1231":0,"1232":0,"1233":0,"1236":0,"1237":0,"1240":0,"1241":0,"1242":0,"1243":0,"1244":0,"1246":0,"1260":0,"1261":0,"1262":0,"1265":0,"1266":0,"1267":0,"1270":0,"1271":0,"1274":0,"1275":0,"1276":0,"1278":0,"1279":0,"1281":0,"1282":0,"1284":0,"1285":0,"1288":0,"1289":0,"1290":0,"1291":0,"1292":0,"1293":0,"1294":0,"1295":0,"1296":0,"1298":0,"1299":0,"1302":0,"1304":0,"1318":0,"1319":0,"1320":0,"1323":0,"1324":0,"1325":0,"1327":0,"1329":0,"1330":0,"1333":0,"1334":0,"1335":0,"1336":0,"1337":0,"1338":0,"1339":0,"1340":0,"1341":0,"1343":0,"1346":0,"1347":0,"1348":0,"1349":0,"1350":0,"1352":0,"1364":0,"1365":0,"1366":0,"1369":0,"1370":0,"1371":0,"1374":0,"1375":0,"1378":0,"1379":0,"1380":0,"1382":0,"1383":0,"1386":0,"1387":0,"1388":0,"1389":0,"1390":0,"1391":0,"1392":0,"1393":0,"1394":0,"1396":0,"1397":0,"1400":0,"1402":0,"1415":0,"1416":0,"1417":0,"1418":0,"1420":0,"1421":0,"1424":0,"1430":0,"1431":0,"1434":0,"1436":0,"1438":0,"1439":0,"1442":0,"1457":0,"1458":0,"1459":0,"1462":0,"1470":0,"1471":0,"1472":0,"1474":0,"1475":0,"1478":0,"1492":0,"1493":0,"1494":0,"1497":0,"1498":0,"1499":0,"1501":0,"1503":0,"1504":0,"1507":0,"1510":0,"1511":0,"1513":0,"1514":0,"1516":0,"1517":0,"1519":0,"1520":0,"1523":0,"1524":0,"1525":0,"1526":0,"1527":0,"1529":0,"1538":0,"1539":0,"1540":0,"1543":0,"1544":0,"1545":0,"1546":0,"1547":0,"1549":0,"1561":0,"1562":0,"1563":0,"1566":0,"1567":0,"1568":0,"1571":0,"1578":0,"1579":0,"1582":0,"1583":0,"1584":0,"1585":0,"1586":0,"1588":0,"1602":0,"1603":0,"1604":0,"1607":0,"1608":0,"1609":0,"1612":0,"1621":0,"1622":0,"1625":0,"1626":0,"1627":0,"1628":0,"1629":0,"1631":0,"1642":0,"1643":0,"1644":0,"1647":0,"1648":0,"1649":0,"1652":0,"1658":0,"1659":0,"1662":0,"1663":0,"1664":0,"1665":0,"1666":0,"1668":0,"1680":0,"1681":0,"1682":0,"1685":0,"1686":0,"1687":0,"1690":0,"1697":0,"1698":0,"1701":0,"1702":0,"1703":0,"1704":0,"1705":0,"1707":0,"1717":0,"1718":0,"1719":0,"1722":0,"1723":0,"1724":0,"1726":0,"1727":0,"1730":0,"1731":0,"1732":0,"1733":0,"1734":0,"1736":0,"1741":0,"1743":0,"1744":0,"1745":0,"1746":0,"1747":0,"1748":0,"1750":0,"1751":0,"1752":0,"1753":0,"1754":0,"1756":0,"1757":0,"1758":0,"1759":0,"1761":0,"1762":0,"1763":0,"1765":0,"1766":0,"1767":0,"1769":0,"1770":0,"1771":0,"1773":0,"1774":0,"1775":0,"1777":0,"1779":0,"1780":0,"1782":0,"1784":0,"1785":0,"1786":0,"1787":0,"1788":0,"1789":0,"1791":0,"1792":0,"1794":0,"1797":1}},"/home/travis/build/npmtest/node-npmtest-instagram-node/node_modules/instagram-node/config.js":{"path":"/home/travis/build/npmtest/node-npmtest-instagram-node/node_modules/instagram-node/config.js","s":{"1":1,"2":1,"3":1,"4":1,"5":1,"6":1,"7":1,"8":1},"b":{},"f":{},"fnMap":{},"statementMap":{"1":{"start":{"line":1,"column":0},"end":{"line":1,"column":25}},"2":{"start":{"line":2,"column":0},"end":{"line":2,"column":30}},"3":{"start":{"line":4,"column":0},"end":{"line":4,"column":31}},"4":{"start":{"line":6,"column":0},"end":{"line":6,"column":47}},"5":{"start":{"line":8,"column":0},"end":{"line":8,"column":28}},"6":{"start":{"line":9,"column":0},"end":{"line":9,"column":30}},"7":{"start":{"line":10,"column":0},"end":{"line":10,"column":29}},"8":{"start":{"line":12,"column":0},"end":{"line":12,"column":24}}},"branchMap":{},"code":["var fwk = require('fwk');","var config = fwk.baseConfig();","","config['SILENT_CONFIG'] = true;","","config['INSTAGRAM_ACCESS_TOKEN'] = 'dummy-env';","","config['CRED'] = '\\033[31m';","config['CGREEN'] = '\\033[32m';","config['CRESET'] = '\\033[0m';","","exports.config = config;"],"l":{"1":1,"2":1,"4":1,"6":1,"8":1,"9":1,"10":1,"12":1}}}